
C:\dbt\acq>pushd . 

C:\dbt\acq>cd celerio-angular-quickstart/quickstart 

C:\dbt\acq\celerio-angular-quickstart\quickstart>mvn spring-boot:run 
[INFO] Scanning for projects...
[WARNING] 
[WARNING] Some problems were encountered while building the effective model for com.jaxio:celerio-angular-quickstart:jar:1.0.0-SNAPSHOT
[WARNING] 'parent.relativePath' of POM com.jaxio:celerio-angular-quickstart:1.0.0-SNAPSHOT (C:\dbt\acq\celerio-angular-quickstart\quickstart\pom.xml) points at com.jaxio:celerio-angular-quickstart-pom instead of org.springframework.boot:spring-boot-starter-parent, please verify your project structure @ line 13, column 13
[WARNING] 
[WARNING] It is highly recommended to fix these problems because they threaten the stability of your build.
[WARNING] 
[WARNING] For this reason, future Maven versions might no longer support building such malformed projects.
[WARNING] 
[INFO]                                                                         
[INFO] ------------------------------------------------------------------------
[INFO] Building celerio-angular-quickstart 1.0.0-SNAPSHOT
[INFO] ------------------------------------------------------------------------
[INFO] 
[INFO] >>> spring-boot-maven-plugin:1.5.4.RELEASE:run (default-cli) > test-compile @ celerio-angular-quickstart >>>
[INFO] 
[INFO] --- build-helper-maven-plugin:1.9.1:add-source (Adding generated java folder to build) @ celerio-angular-quickstart ---
[INFO] Source directory: C:\dbt\acq\celerio-angular-quickstart\quickstart\src\main\java added.
[INFO] Source directory: C:\dbt\acq\celerio-angular-quickstart\quickstart\src\main\generated-java added.
[INFO] 
[INFO] --- build-helper-maven-plugin:1.9.1:add-test-source (Adding generated java test location to test build) @ celerio-angular-quickstart ---
[INFO] Test Source directory: C:\dbt\acq\celerio-angular-quickstart\quickstart\src\test\java added.
[INFO] Test Source directory: C:\dbt\acq\celerio-angular-quickstart\quickstart\src\test\generated-java added.
[INFO] 
[INFO] --- maven-resources-plugin:2.7:resources (default-resources) @ celerio-angular-quickstart ---
[INFO] Using 'UTF-8' encoding to copy filtered resources.
[INFO] Copying 1 resource
[INFO] Copying 10 resources
[INFO] 
[INFO] --- maven-compiler-plugin:3.1:compile (default-compile) @ celerio-angular-quickstart ---
[INFO] Nothing to compile - all classes are up to date
[INFO] 
[INFO] --- maven-resources-plugin:2.7:testResources (default-testResources) @ celerio-angular-quickstart ---
[INFO] Using 'UTF-8' encoding to copy filtered resources.
[INFO] skip non existing resourceDirectory C:\dbt\acq\celerio-angular-quickstart\quickstart\src\test\resources
[INFO] skip non existing resourceDirectory C:\dbt\acq\celerio-angular-quickstart\quickstart\src\test\resources
[INFO] 
[INFO] --- maven-compiler-plugin:3.1:testCompile (default-testCompile) @ celerio-angular-quickstart ---
[INFO] Nothing to compile - all classes are up to date
[INFO] 
[INFO] <<< spring-boot-maven-plugin:1.5.4.RELEASE:run (default-cli) < test-compile @ celerio-angular-quickstart <<<
[INFO] 
[INFO] --- spring-boot-maven-plugin:1.5.4.RELEASE:run (default-cli) @ celerio-angular-quickstart ---

  .   ____          _            __ _ _
 /\\ / ___'_ __ _ _(_)_ __  __ _ \ \ \ \
( ( )\___ | '_ | '_| | '_ \/ _` | \ \ \ \
 \\/  ___)| |_)| | | | | || (_| |  ) ) ) )
  '  |____| .__|_| |_|_| |_\__, | / / / /
 =========|_|==============|___/=/_/_/_/
 :: Spring Boot ::        (v1.5.4.RELEASE)

2017-10-06 18:18:03.669  INFO 18260 --- [           main] com.mycompany.myapp.Application          : Starting Application on Rog4Jack with PID 18260 (C:\dbt\acq\celerio-angular-quickstart\quickstart\target\classes started by burkh in C:\dbt\acq\celerio-angular-quickstart\quickstart)
2017-10-06 18:18:03.669  INFO 18260 --- [           main] com.mycompany.myapp.Application          : No active profile set, falling back to default profiles: default
2017-10-06 18:18:03.700  INFO 18260 --- [           main] ationConfigEmbeddedWebApplicationContext : Refreshing org.springframework.boot.context.embedded.AnnotationConfigEmbeddedWebApplicationContext@1964d532: startup date [Fri Oct 06 18:18:03 CEST 2017]; root of context hierarchy
2017-10-06 18:18:05.256  INFO 18260 --- [           main] f.a.AutowiredAnnotationBeanPostProcessor : JSR-330 'javax.inject.Inject' annotation found and supported for autowiring
2017-10-06 18:18:05.423  INFO 18260 --- [           main] trationDelegate$BeanPostProcessorChecker : Bean 'org.springframework.transaction.annotation.ProxyTransactionManagementConfiguration' of type [org.springframework.transaction.annotation.ProxyTransactionManagementConfiguration$$EnhancerBySpringCGLIB$$322f3156] is not eligible for getting processed by all BeanPostProcessors (for example: not eligible for auto-proxying)
2017-10-06 18:18:05.467  INFO 18260 --- [           main] trationDelegate$BeanPostProcessorChecker : Bean 'org.springframework.security.config.annotation.configuration.ObjectPostProcessorConfiguration' of type [org.springframework.security.config.annotation.configuration.ObjectPostProcessorConfiguration$$EnhancerBySpringCGLIB$$cadcf990] is not eligible for getting processed by all BeanPostProcessors (for example: not eligible for auto-proxying)
2017-10-06 18:18:05.475  INFO 18260 --- [           main] trationDelegate$BeanPostProcessorChecker : Bean 'objectPostProcessor' of type [org.springframework.security.config.annotation.configuration.AutowireBeanFactoryObjectPostProcessor] is not eligible for getting processed by all BeanPostProcessors (for example: not eligible for auto-proxying)
2017-10-06 18:18:05.476  INFO 18260 --- [           main] trationDelegate$BeanPostProcessorChecker : Bean 'org.springframework.security.access.expression.method.DefaultMethodSecurityExpressionHandler@6b1465b9' of type [org.springframework.security.access.expression.method.DefaultMethodSecurityExpressionHandler] is not eligible for getting processed by all BeanPostProcessors (for example: not eligible for auto-proxying)
2017-10-06 18:18:05.485  INFO 18260 --- [           main] trationDelegate$BeanPostProcessorChecker : Bean 'org.springframework.security.config.annotation.method.configuration.GlobalMethodSecurityConfiguration' of type [org.springframework.security.config.annotation.method.configuration.GlobalMethodSecurityConfiguration$$EnhancerBySpringCGLIB$$efb19c42] is not eligible for getting processed by all BeanPostProcessors (for example: not eligible for auto-proxying)
2017-10-06 18:18:05.499  INFO 18260 --- [           main] trationDelegate$BeanPostProcessorChecker : Bean 'methodSecurityMetadataSource' of type [org.springframework.security.access.method.DelegatingMethodSecurityMetadataSource] is not eligible for getting processed by all BeanPostProcessors (for example: not eligible for auto-proxying)
2017-10-06 18:18:05.889  INFO 18260 --- [           main] s.b.c.e.t.TomcatEmbeddedServletContainer : Tomcat initialized with port(s): 8585 (http)
2017-10-06 18:18:05.889  INFO 18260 --- [           main] o.apache.catalina.core.StandardService   : Starting service [Tomcat]
2017-10-06 18:18:05.889  INFO 18260 --- [           main] org.apache.catalina.core.StandardEngine  : Starting Servlet Engine: Apache Tomcat/8.5.15
2017-10-06 18:18:05.967  INFO 18260 --- [ost-startStop-1] o.a.c.c.C.[Tomcat].[localhost].[/]       : Initializing Spring embedded WebApplicationContext
2017-10-06 18:18:05.967  INFO 18260 --- [ost-startStop-1] o.s.web.context.ContextLoader            : Root WebApplicationContext: initialization completed in 2267 ms
2017-10-06 18:18:06.233  INFO 18260 --- [ost-startStop-1] o.s.b.w.servlet.FilterRegistrationBean   : Mapping filter: 'characterEncodingFilter' to: [/*]
2017-10-06 18:18:06.233  INFO 18260 --- [ost-startStop-1] o.s.b.w.servlet.FilterRegistrationBean   : Mapping filter: 'hiddenHttpMethodFilter' to: [/*]
2017-10-06 18:18:06.233  INFO 18260 --- [ost-startStop-1] o.s.b.w.servlet.FilterRegistrationBean   : Mapping filter: 'httpPutFormContentFilter' to: [/*]
2017-10-06 18:18:06.233  INFO 18260 --- [ost-startStop-1] o.s.b.w.servlet.FilterRegistrationBean   : Mapping filter: 'requestContextFilter' to: [/*]
2017-10-06 18:18:06.234  INFO 18260 --- [ost-startStop-1] .s.DelegatingFilterProxyRegistrationBean : Mapping filter: 'springSecurityFilterChain' to: [/*]
2017-10-06 18:18:06.234  INFO 18260 --- [ost-startStop-1] o.s.b.w.servlet.ServletRegistrationBean  : Mapping servlet: 'dispatcherServlet' to [/]
2017-10-06 18:18:06.569  INFO 18260 --- [           main] j.LocalContainerEntityManagerFactoryBean : Building JPA container EntityManagerFactory for persistence unit 'default'
2017-10-06 18:18:06.585  INFO 18260 --- [           main] o.hibernate.jpa.internal.util.LogHelper  : HHH000204: Processing PersistenceUnitInfo [
	name: default
	...]
2017-10-06 18:18:06.647  INFO 18260 --- [           main] org.hibernate.Version                    : HHH000412: Hibernate Core {5.0.2.Final}
2017-10-06 18:18:06.647  INFO 18260 --- [           main] org.hibernate.cfg.Environment            : HHH000206: hibernate.properties not found
2017-10-06 18:18:06.647  INFO 18260 --- [           main] org.hibernate.cfg.Environment            : HHH000021: Bytecode provider name : javassist
2017-10-06 18:18:06.699  INFO 18260 --- [           main] o.hibernate.annotations.common.Version   : HCANN000001: Hibernate Commons Annotations {5.0.0.Final}
2017-10-06 18:18:07.027  INFO 18260 --- [           main] org.hibernate.dialect.Dialect            : HHH000400: Using dialect: org.hibernate.dialect.H2Dialect
2017-10-06 18:18:07.889  INFO 18260 --- [           main] j.LocalContainerEntityManagerFactoryBean : Initialized JPA EntityManagerFactory for persistence unit 'default'
2017-10-06 18:18:09.152  INFO 18260 --- [           main] s.w.s.m.m.a.RequestMappingHandlerMapping : Mapped "{[/api/authors/],methods=[PUT],produces=[application/json]}" onto public org.springframework.http.ResponseEntity<com.mycompany.myapp.dto.AuthorDTO> com.mycompany.myapp.rest.AuthorResource.update(com.mycompany.myapp.dto.AuthorDTO) throws java.net.URISyntaxException
2017-10-06 18:18:09.152  INFO 18260 --- [           main] s.w.s.m.m.a.RequestMappingHandlerMapping : Mapped "{[/api/authors/{id}],methods=[DELETE],produces=[application/json]}" onto public org.springframework.http.ResponseEntity<java.lang.Void> com.mycompany.myapp.rest.AuthorResource.delete(java.lang.Integer) throws java.net.URISyntaxException
2017-10-06 18:18:09.152  INFO 18260 --- [           main] s.w.s.m.m.a.RequestMappingHandlerMapping : Mapped "{[/api/authors/],methods=[POST],produces=[application/json]}" onto public org.springframework.http.ResponseEntity<com.mycompany.myapp.dto.AuthorDTO> com.mycompany.myapp.rest.AuthorResource.create(com.mycompany.myapp.dto.AuthorDTO) throws java.net.URISyntaxException
2017-10-06 18:18:09.152  INFO 18260 --- [           main] s.w.s.m.m.a.RequestMappingHandlerMapping : Mapped "{[/api/authors/complete],methods=[POST],produces=[application/json]}" onto public org.springframework.http.ResponseEntity<java.util.List<com.mycompany.myapp.dto.AuthorDTO>> com.mycompany.myapp.rest.AuthorResource.complete(com.mycompany.myapp.rest.support.AutoCompleteQuery) throws java.net.URISyntaxException
2017-10-06 18:18:09.152  INFO 18260 --- [           main] s.w.s.m.m.a.RequestMappingHandlerMapping : Mapped "{[/api/authors/page],methods=[POST],produces=[application/json]}" onto public org.springframework.http.ResponseEntity<com.mycompany.myapp.dto.support.PageResponse<com.mycompany.myapp.dto.AuthorDTO>> com.mycompany.myapp.rest.AuthorResource.findAll(com.mycompany.myapp.dto.support.PageRequestByExample<com.mycompany.myapp.dto.AuthorDTO>) throws java.net.URISyntaxException
2017-10-06 18:18:09.152  INFO 18260 --- [           main] s.w.s.m.m.a.RequestMappingHandlerMapping : Mapped "{[/api/authors/{id}],methods=[GET],produces=[application/json]}" onto public org.springframework.http.ResponseEntity<com.mycompany.myapp.dto.AuthorDTO> com.mycompany.myapp.rest.AuthorResource.findById(java.lang.Integer) throws java.net.URISyntaxException
2017-10-06 18:18:09.152  INFO 18260 --- [           main] s.w.s.m.m.a.RequestMappingHandlerMapping : Mapped "{[/api/books/],methods=[PUT],produces=[application/json]}" onto public org.springframework.http.ResponseEntity<com.mycompany.myapp.dto.BookDTO> com.mycompany.myapp.rest.BookResource.update(com.mycompany.myapp.dto.BookDTO) throws java.net.URISyntaxException
2017-10-06 18:18:09.152  INFO 18260 --- [           main] s.w.s.m.m.a.RequestMappingHandlerMapping : Mapped "{[/api/books/{id}],methods=[DELETE],produces=[application/json]}" onto public org.springframework.http.ResponseEntity<java.lang.Void> com.mycompany.myapp.rest.BookResource.delete(java.lang.Integer) throws java.net.URISyntaxException
2017-10-06 18:18:09.152  INFO 18260 --- [           main] s.w.s.m.m.a.RequestMappingHandlerMapping : Mapped "{[/api/books/],methods=[POST],produces=[application/json]}" onto public org.springframework.http.ResponseEntity<com.mycompany.myapp.dto.BookDTO> com.mycompany.myapp.rest.BookResource.create(com.mycompany.myapp.dto.BookDTO) throws java.net.URISyntaxException
2017-10-06 18:18:09.152  INFO 18260 --- [           main] s.w.s.m.m.a.RequestMappingHandlerMapping : Mapped "{[/api/books/complete],methods=[POST],produces=[application/json]}" onto public org.springframework.http.ResponseEntity<java.util.List<com.mycompany.myapp.dto.BookDTO>> com.mycompany.myapp.rest.BookResource.complete(com.mycompany.myapp.rest.support.AutoCompleteQuery) throws java.net.URISyntaxException
2017-10-06 18:18:09.152  INFO 18260 --- [           main] s.w.s.m.m.a.RequestMappingHandlerMapping : Mapped "{[/api/books/page],methods=[POST],produces=[application/json]}" onto public org.springframework.http.ResponseEntity<com.mycompany.myapp.dto.support.PageResponse<com.mycompany.myapp.dto.BookDTO>> com.mycompany.myapp.rest.BookResource.findAll(com.mycompany.myapp.dto.support.PageRequestByExample<com.mycompany.myapp.dto.BookDTO>) throws java.net.URISyntaxException
2017-10-06 18:18:09.152  INFO 18260 --- [           main] s.w.s.m.m.a.RequestMappingHandlerMapping : Mapped "{[/api/books/{id}],methods=[GET],produces=[application/json]}" onto public org.springframework.http.ResponseEntity<com.mycompany.myapp.dto.BookDTO> com.mycompany.myapp.rest.BookResource.findById(java.lang.Integer) throws java.net.URISyntaxException
2017-10-06 18:18:09.152  INFO 18260 --- [           main] s.w.s.m.m.a.RequestMappingHandlerMapping : Mapped "{[/api/books/{id}/download/extractBinary],methods=[GET]}" onto public org.springframework.http.ResponseEntity<byte[]> com.mycompany.myapp.rest.BookResource.extractBinaryFileDownload(java.lang.Integer)
2017-10-06 18:18:09.152  INFO 18260 --- [           main] s.w.s.m.m.a.RequestMappingHandlerMapping : Mapped "{[/api/books/{id}/upload/extractBinary],methods=[POST],produces=[application/json]}" onto public org.springframework.http.ResponseEntity<java.lang.Void> com.mycompany.myapp.rest.BookResource.extractBinaryFileUpload(java.lang.Integer,org.springframework.web.multipart.MultipartFile)
2017-10-06 18:18:09.167  INFO 18260 --- [           main] s.w.s.m.m.a.RequestMappingHandlerMapping : Mapped "{[/api/checks/],methods=[PUT],produces=[application/json]}" onto public org.springframework.http.ResponseEntity<com.mycompany.myapp.dto.CheckDTO> com.mycompany.myapp.rest.CheckResource.update(com.mycompany.myapp.dto.CheckDTO) throws java.net.URISyntaxException
2017-10-06 18:18:09.167  INFO 18260 --- [           main] s.w.s.m.m.a.RequestMappingHandlerMapping : Mapped "{[/api/checks/{id}],methods=[DELETE],produces=[application/json]}" onto public org.springframework.http.ResponseEntity<java.lang.Void> com.mycompany.myapp.rest.CheckResource.delete(java.lang.Integer) throws java.net.URISyntaxException
2017-10-06 18:18:09.167  INFO 18260 --- [           main] s.w.s.m.m.a.RequestMappingHandlerMapping : Mapped "{[/api/checks/],methods=[POST],produces=[application/json]}" onto public org.springframework.http.ResponseEntity<com.mycompany.myapp.dto.CheckDTO> com.mycompany.myapp.rest.CheckResource.create(com.mycompany.myapp.dto.CheckDTO) throws java.net.URISyntaxException
2017-10-06 18:18:09.167  INFO 18260 --- [           main] s.w.s.m.m.a.RequestMappingHandlerMapping : Mapped "{[/api/checks/complete],methods=[POST],produces=[application/json]}" onto public org.springframework.http.ResponseEntity<java.util.List<com.mycompany.myapp.dto.CheckDTO>> com.mycompany.myapp.rest.CheckResource.complete(com.mycompany.myapp.rest.support.AutoCompleteQuery) throws java.net.URISyntaxException
2017-10-06 18:18:09.167  INFO 18260 --- [           main] s.w.s.m.m.a.RequestMappingHandlerMapping : Mapped "{[/api/checks/page],methods=[POST],produces=[application/json]}" onto public org.springframework.http.ResponseEntity<com.mycompany.myapp.dto.support.PageResponse<com.mycompany.myapp.dto.CheckDTO>> com.mycompany.myapp.rest.CheckResource.findAll(com.mycompany.myapp.dto.support.PageRequestByExample<com.mycompany.myapp.dto.CheckDTO>) throws java.net.URISyntaxException
2017-10-06 18:18:09.167  INFO 18260 --- [           main] s.w.s.m.m.a.RequestMappingHandlerMapping : Mapped "{[/api/checks/{id}],methods=[GET],produces=[application/json]}" onto public org.springframework.http.ResponseEntity<com.mycompany.myapp.dto.CheckDTO> com.mycompany.myapp.rest.CheckResource.findById(java.lang.Integer) throws java.net.URISyntaxException
2017-10-06 18:18:09.167  INFO 18260 --- [           main] s.w.s.m.m.a.RequestMappingHandlerMapping : Mapped "{[/api/checkResults/],methods=[PUT],produces=[application/json]}" onto public org.springframework.http.ResponseEntity<com.mycompany.myapp.dto.CheckResultDTO> com.mycompany.myapp.rest.CheckResultResource.update(com.mycompany.myapp.dto.CheckResultDTO) throws java.net.URISyntaxException
2017-10-06 18:18:09.167  INFO 18260 --- [           main] s.w.s.m.m.a.RequestMappingHandlerMapping : Mapped "{[/api/checkResults/{id}],methods=[DELETE],produces=[application/json]}" onto public org.springframework.http.ResponseEntity<java.lang.Void> com.mycompany.myapp.rest.CheckResultResource.delete(java.lang.Integer) throws java.net.URISyntaxException
2017-10-06 18:18:09.167  INFO 18260 --- [           main] s.w.s.m.m.a.RequestMappingHandlerMapping : Mapped "{[/api/checkResults/],methods=[POST],produces=[application/json]}" onto public org.springframework.http.ResponseEntity<com.mycompany.myapp.dto.CheckResultDTO> com.mycompany.myapp.rest.CheckResultResource.create(com.mycompany.myapp.dto.CheckResultDTO) throws java.net.URISyntaxException
2017-10-06 18:18:09.167  INFO 18260 --- [           main] s.w.s.m.m.a.RequestMappingHandlerMapping : Mapped "{[/api/checkResults/complete],methods=[POST],produces=[application/json]}" onto public org.springframework.http.ResponseEntity<java.util.List<com.mycompany.myapp.dto.CheckResultDTO>> com.mycompany.myapp.rest.CheckResultResource.complete(com.mycompany.myapp.rest.support.AutoCompleteQuery) throws java.net.URISyntaxException
2017-10-06 18:18:09.167  INFO 18260 --- [           main] s.w.s.m.m.a.RequestMappingHandlerMapping : Mapped "{[/api/checkResults/page],methods=[POST],produces=[application/json]}" onto public org.springframework.http.ResponseEntity<com.mycompany.myapp.dto.support.PageResponse<com.mycompany.myapp.dto.CheckResultDTO>> com.mycompany.myapp.rest.CheckResultResource.findAll(com.mycompany.myapp.dto.support.PageRequestByExample<com.mycompany.myapp.dto.CheckResultDTO>) throws java.net.URISyntaxException
2017-10-06 18:18:09.167  INFO 18260 --- [           main] s.w.s.m.m.a.RequestMappingHandlerMapping : Mapped "{[/api/checkResults/{id}],methods=[GET],produces=[application/json]}" onto public org.springframework.http.ResponseEntity<com.mycompany.myapp.dto.CheckResultDTO> com.mycompany.myapp.rest.CheckResultResource.findById(java.lang.Integer) throws java.net.URISyntaxException
2017-10-06 18:18:09.167  INFO 18260 --- [           main] s.w.s.m.m.a.RequestMappingHandlerMapping : Mapped "{[/api/configurations/],methods=[PUT],produces=[application/json]}" onto public org.springframework.http.ResponseEntity<com.mycompany.myapp.dto.ConfigurationDTO> com.mycompany.myapp.rest.ConfigurationResource.update(com.mycompany.myapp.dto.ConfigurationDTO) throws java.net.URISyntaxException
2017-10-06 18:18:09.167  INFO 18260 --- [           main] s.w.s.m.m.a.RequestMappingHandlerMapping : Mapped "{[/api/configurations/{id}],methods=[DELETE],produces=[application/json]}" onto public org.springframework.http.ResponseEntity<java.lang.Void> com.mycompany.myapp.rest.ConfigurationResource.delete(java.lang.Integer) throws java.net.URISyntaxException
2017-10-06 18:18:09.167  INFO 18260 --- [           main] s.w.s.m.m.a.RequestMappingHandlerMapping : Mapped "{[/api/configurations/],methods=[POST],produces=[application/json]}" onto public org.springframework.http.ResponseEntity<com.mycompany.myapp.dto.ConfigurationDTO> com.mycompany.myapp.rest.ConfigurationResource.create(com.mycompany.myapp.dto.ConfigurationDTO) throws java.net.URISyntaxException
2017-10-06 18:18:09.167  INFO 18260 --- [           main] s.w.s.m.m.a.RequestMappingHandlerMapping : Mapped "{[/api/configurations/complete],methods=[POST],produces=[application/json]}" onto public org.springframework.http.ResponseEntity<java.util.List<com.mycompany.myapp.dto.ConfigurationDTO>> com.mycompany.myapp.rest.ConfigurationResource.complete(com.mycompany.myapp.rest.support.AutoCompleteQuery) throws java.net.URISyntaxException
2017-10-06 18:18:09.167  INFO 18260 --- [           main] s.w.s.m.m.a.RequestMappingHandlerMapping : Mapped "{[/api/configurations/page],methods=[POST],produces=[application/json]}" onto public org.springframework.http.ResponseEntity<com.mycompany.myapp.dto.support.PageResponse<com.mycompany.myapp.dto.ConfigurationDTO>> com.mycompany.myapp.rest.ConfigurationResource.findAll(com.mycompany.myapp.dto.support.PageRequestByExample<com.mycompany.myapp.dto.ConfigurationDTO>) throws java.net.URISyntaxException
2017-10-06 18:18:09.167  INFO 18260 --- [           main] s.w.s.m.m.a.RequestMappingHandlerMapping : Mapped "{[/api/configurations/{id}],methods=[GET],produces=[application/json]}" onto public org.springframework.http.ResponseEntity<com.mycompany.myapp.dto.ConfigurationDTO> com.mycompany.myapp.rest.ConfigurationResource.findById(java.lang.Integer) throws java.net.URISyntaxException
2017-10-06 18:18:09.167  INFO 18260 --- [           main] s.w.s.m.m.a.RequestMappingHandlerMapping : Mapped "{[/api/dependencies/],methods=[PUT],produces=[application/json]}" onto public org.springframework.http.ResponseEntity<com.mycompany.myapp.dto.DependencyDTO> com.mycompany.myapp.rest.DependencyResource.update(com.mycompany.myapp.dto.DependencyDTO) throws java.net.URISyntaxException
2017-10-06 18:18:09.167  INFO 18260 --- [           main] s.w.s.m.m.a.RequestMappingHandlerMapping : Mapped "{[/api/dependencies/{id}],methods=[DELETE],produces=[application/json]}" onto public org.springframework.http.ResponseEntity<java.lang.Void> com.mycompany.myapp.rest.DependencyResource.delete(java.lang.Integer) throws java.net.URISyntaxException
2017-10-06 18:18:09.167  INFO 18260 --- [           main] s.w.s.m.m.a.RequestMappingHandlerMapping : Mapped "{[/api/dependencies/],methods=[POST],produces=[application/json]}" onto public org.springframework.http.ResponseEntity<com.mycompany.myapp.dto.DependencyDTO> com.mycompany.myapp.rest.DependencyResource.create(com.mycompany.myapp.dto.DependencyDTO) throws java.net.URISyntaxException
2017-10-06 18:18:09.167  INFO 18260 --- [           main] s.w.s.m.m.a.RequestMappingHandlerMapping : Mapped "{[/api/dependencies/complete],methods=[POST],produces=[application/json]}" onto public org.springframework.http.ResponseEntity<java.util.List<com.mycompany.myapp.dto.DependencyDTO>> com.mycompany.myapp.rest.DependencyResource.complete(com.mycompany.myapp.rest.support.AutoCompleteQuery) throws java.net.URISyntaxException
2017-10-06 18:18:09.167  INFO 18260 --- [           main] s.w.s.m.m.a.RequestMappingHandlerMapping : Mapped "{[/api/dependencies/page],methods=[POST],produces=[application/json]}" onto public org.springframework.http.ResponseEntity<com.mycompany.myapp.dto.support.PageResponse<com.mycompany.myapp.dto.DependencyDTO>> com.mycompany.myapp.rest.DependencyResource.findAll(com.mycompany.myapp.dto.support.PageRequestByExample<com.mycompany.myapp.dto.DependencyDTO>) throws java.net.URISyntaxException
2017-10-06 18:18:09.167  INFO 18260 --- [           main] s.w.s.m.m.a.RequestMappingHandlerMapping : Mapped "{[/api/dependencies/{id}],methods=[GET],produces=[application/json]}" onto public org.springframework.http.ResponseEntity<com.mycompany.myapp.dto.DependencyDTO> com.mycompany.myapp.rest.DependencyResource.findById(java.lang.Integer) throws java.net.URISyntaxException
2017-10-06 18:18:09.167  INFO 18260 --- [           main] s.w.s.m.m.a.RequestMappingHandlerMapping : Mapped "{[/api/deployments/],methods=[PUT],produces=[application/json]}" onto public org.springframework.http.ResponseEntity<com.mycompany.myapp.dto.DeploymentDTO> com.mycompany.myapp.rest.DeploymentResource.update(com.mycompany.myapp.dto.DeploymentDTO) throws java.net.URISyntaxException
2017-10-06 18:18:09.167  INFO 18260 --- [           main] s.w.s.m.m.a.RequestMappingHandlerMapping : Mapped "{[/api/deployments/{id}],methods=[DELETE],produces=[application/json]}" onto public org.springframework.http.ResponseEntity<java.lang.Void> com.mycompany.myapp.rest.DeploymentResource.delete(java.lang.Integer) throws java.net.URISyntaxException
2017-10-06 18:18:09.167  INFO 18260 --- [           main] s.w.s.m.m.a.RequestMappingHandlerMapping : Mapped "{[/api/deployments/],methods=[POST],produces=[application/json]}" onto public org.springframework.http.ResponseEntity<com.mycompany.myapp.dto.DeploymentDTO> com.mycompany.myapp.rest.DeploymentResource.create(com.mycompany.myapp.dto.DeploymentDTO) throws java.net.URISyntaxException
2017-10-06 18:18:09.167  INFO 18260 --- [           main] s.w.s.m.m.a.RequestMappingHandlerMapping : Mapped "{[/api/deployments/complete],methods=[POST],produces=[application/json]}" onto public org.springframework.http.ResponseEntity<java.util.List<com.mycompany.myapp.dto.DeploymentDTO>> com.mycompany.myapp.rest.DeploymentResource.complete(com.mycompany.myapp.rest.support.AutoCompleteQuery) throws java.net.URISyntaxException
2017-10-06 18:18:09.167  INFO 18260 --- [           main] s.w.s.m.m.a.RequestMappingHandlerMapping : Mapped "{[/api/deployments/page],methods=[POST],produces=[application/json]}" onto public org.springframework.http.ResponseEntity<com.mycompany.myapp.dto.support.PageResponse<com.mycompany.myapp.dto.DeploymentDTO>> com.mycompany.myapp.rest.DeploymentResource.findAll(com.mycompany.myapp.dto.support.PageRequestByExample<com.mycompany.myapp.dto.DeploymentDTO>) throws java.net.URISyntaxException
2017-10-06 18:18:09.167  INFO 18260 --- [           main] s.w.s.m.m.a.RequestMappingHandlerMapping : Mapped "{[/api/deployments/{id}],methods=[GET],produces=[application/json]}" onto public org.springframework.http.ResponseEntity<com.mycompany.myapp.dto.DeploymentDTO> com.mycompany.myapp.rest.DeploymentResource.findById(java.lang.Integer) throws java.net.URISyntaxException
2017-10-06 18:18:09.167  INFO 18260 --- [           main] s.w.s.m.m.a.RequestMappingHandlerMapping : Mapped "{[/api/editors/],methods=[PUT],produces=[application/json]}" onto public org.springframework.http.ResponseEntity<com.mycompany.myapp.dto.EditorDTO> com.mycompany.myapp.rest.EditorResource.update(com.mycompany.myapp.dto.EditorDTO) throws java.net.URISyntaxException
2017-10-06 18:18:09.167  INFO 18260 --- [           main] s.w.s.m.m.a.RequestMappingHandlerMapping : Mapped "{[/api/editors/{id}],methods=[DELETE],produces=[application/json]}" onto public org.springframework.http.ResponseEntity<java.lang.Void> com.mycompany.myapp.rest.EditorResource.delete(java.lang.Integer) throws java.net.URISyntaxException
2017-10-06 18:18:09.167  INFO 18260 --- [           main] s.w.s.m.m.a.RequestMappingHandlerMapping : Mapped "{[/api/editors/],methods=[POST],produces=[application/json]}" onto public org.springframework.http.ResponseEntity<com.mycompany.myapp.dto.EditorDTO> com.mycompany.myapp.rest.EditorResource.create(com.mycompany.myapp.dto.EditorDTO) throws java.net.URISyntaxException
2017-10-06 18:18:09.167  INFO 18260 --- [           main] s.w.s.m.m.a.RequestMappingHandlerMapping : Mapped "{[/api/editors/complete],methods=[POST],produces=[application/json]}" onto public org.springframework.http.ResponseEntity<java.util.List<com.mycompany.myapp.dto.EditorDTO>> com.mycompany.myapp.rest.EditorResource.complete(com.mycompany.myapp.rest.support.AutoCompleteQuery) throws java.net.URISyntaxException
2017-10-06 18:18:09.167  INFO 18260 --- [           main] s.w.s.m.m.a.RequestMappingHandlerMapping : Mapped "{[/api/editors/page],methods=[POST],produces=[application/json]}" onto public org.springframework.http.ResponseEntity<com.mycompany.myapp.dto.support.PageResponse<com.mycompany.myapp.dto.EditorDTO>> com.mycompany.myapp.rest.EditorResource.findAll(com.mycompany.myapp.dto.support.PageRequestByExample<com.mycompany.myapp.dto.EditorDTO>) throws java.net.URISyntaxException
2017-10-06 18:18:09.167  INFO 18260 --- [           main] s.w.s.m.m.a.RequestMappingHandlerMapping : Mapped "{[/api/editors/{id}],methods=[GET],produces=[application/json]}" onto public org.springframework.http.ResponseEntity<com.mycompany.myapp.dto.EditorDTO> com.mycompany.myapp.rest.EditorResource.findById(java.lang.Integer) throws java.net.URISyntaxException
2017-10-06 18:18:09.167  INFO 18260 --- [           main] s.w.s.m.m.a.RequestMappingHandlerMapping : Mapped "{[/api/edits/],methods=[PUT],produces=[application/json]}" onto public org.springframework.http.ResponseEntity<com.mycompany.myapp.dto.EditDTO> com.mycompany.myapp.rest.EditResource.update(com.mycompany.myapp.dto.EditDTO) throws java.net.URISyntaxException
2017-10-06 18:18:09.167  INFO 18260 --- [           main] s.w.s.m.m.a.RequestMappingHandlerMapping : Mapped "{[/api/edits/{id}],methods=[DELETE],produces=[application/json]}" onto public org.springframework.http.ResponseEntity<java.lang.Void> com.mycompany.myapp.rest.EditResource.delete(java.lang.Integer) throws java.net.URISyntaxException
2017-10-06 18:18:09.167  INFO 18260 --- [           main] s.w.s.m.m.a.RequestMappingHandlerMapping : Mapped "{[/api/edits/],methods=[POST],produces=[application/json]}" onto public org.springframework.http.ResponseEntity<com.mycompany.myapp.dto.EditDTO> com.mycompany.myapp.rest.EditResource.create(com.mycompany.myapp.dto.EditDTO) throws java.net.URISyntaxException
2017-10-06 18:18:09.167  INFO 18260 --- [           main] s.w.s.m.m.a.RequestMappingHandlerMapping : Mapped "{[/api/edits/complete],methods=[POST],produces=[application/json]}" onto public org.springframework.http.ResponseEntity<java.util.List<com.mycompany.myapp.dto.EditDTO>> com.mycompany.myapp.rest.EditResource.complete(com.mycompany.myapp.rest.support.AutoCompleteQuery) throws java.net.URISyntaxException
2017-10-06 18:18:09.183  INFO 18260 --- [           main] s.w.s.m.m.a.RequestMappingHandlerMapping : Mapped "{[/api/edits/page],methods=[POST],produces=[application/json]}" onto public org.springframework.http.ResponseEntity<com.mycompany.myapp.dto.support.PageResponse<com.mycompany.myapp.dto.EditDTO>> com.mycompany.myapp.rest.EditResource.findAll(com.mycompany.myapp.dto.support.PageRequestByExample<com.mycompany.myapp.dto.EditDTO>) throws java.net.URISyntaxException
2017-10-06 18:18:09.183  INFO 18260 --- [           main] s.w.s.m.m.a.RequestMappingHandlerMapping : Mapped "{[/api/edits/{id}],methods=[GET],produces=[application/json]}" onto public org.springframework.http.ResponseEntity<com.mycompany.myapp.dto.EditDTO> com.mycompany.myapp.rest.EditResource.findById(java.lang.Integer) throws java.net.URISyntaxException
2017-10-06 18:18:09.183  INFO 18260 --- [           main] s.w.s.m.m.a.RequestMappingHandlerMapping : Mapped "{[/api/environments/],methods=[PUT],produces=[application/json]}" onto public org.springframework.http.ResponseEntity<com.mycompany.myapp.dto.EnvironmentDTO> com.mycompany.myapp.rest.EnvironmentResource.update(com.mycompany.myapp.dto.EnvironmentDTO) throws java.net.URISyntaxException
2017-10-06 18:18:09.183  INFO 18260 --- [           main] s.w.s.m.m.a.RequestMappingHandlerMapping : Mapped "{[/api/environments/{id}],methods=[DELETE],produces=[application/json]}" onto public org.springframework.http.ResponseEntity<java.lang.Void> com.mycompany.myapp.rest.EnvironmentResource.delete(java.lang.Integer) throws java.net.URISyntaxException
2017-10-06 18:18:09.183  INFO 18260 --- [           main] s.w.s.m.m.a.RequestMappingHandlerMapping : Mapped "{[/api/environments/],methods=[POST],produces=[application/json]}" onto public org.springframework.http.ResponseEntity<com.mycompany.myapp.dto.EnvironmentDTO> com.mycompany.myapp.rest.EnvironmentResource.create(com.mycompany.myapp.dto.EnvironmentDTO) throws java.net.URISyntaxException
2017-10-06 18:18:09.183  INFO 18260 --- [           main] s.w.s.m.m.a.RequestMappingHandlerMapping : Mapped "{[/api/environments/complete],methods=[POST],produces=[application/json]}" onto public org.springframework.http.ResponseEntity<java.util.List<com.mycompany.myapp.dto.EnvironmentDTO>> com.mycompany.myapp.rest.EnvironmentResource.complete(com.mycompany.myapp.rest.support.AutoCompleteQuery) throws java.net.URISyntaxException
2017-10-06 18:18:09.183  INFO 18260 --- [           main] s.w.s.m.m.a.RequestMappingHandlerMapping : Mapped "{[/api/environments/page],methods=[POST],produces=[application/json]}" onto public org.springframework.http.ResponseEntity<com.mycompany.myapp.dto.support.PageResponse<com.mycompany.myapp.dto.EnvironmentDTO>> com.mycompany.myapp.rest.EnvironmentResource.findAll(com.mycompany.myapp.dto.support.PageRequestByExample<com.mycompany.myapp.dto.EnvironmentDTO>) throws java.net.URISyntaxException
2017-10-06 18:18:09.183  INFO 18260 --- [           main] s.w.s.m.m.a.RequestMappingHandlerMapping : Mapped "{[/api/environments/{id}],methods=[GET],produces=[application/json]}" onto public org.springframework.http.ResponseEntity<com.mycompany.myapp.dto.EnvironmentDTO> com.mycompany.myapp.rest.EnvironmentResource.findById(java.lang.Integer) throws java.net.URISyntaxException
2017-10-06 18:18:09.183  INFO 18260 --- [           main] s.w.s.m.m.a.RequestMappingHandlerMapping : Mapped "{[/api/hyperlinks/],methods=[PUT],produces=[application/json]}" onto public org.springframework.http.ResponseEntity<com.mycompany.myapp.dto.HyperlinkDTO> com.mycompany.myapp.rest.HyperlinkResource.update(com.mycompany.myapp.dto.HyperlinkDTO) throws java.net.URISyntaxException
2017-10-06 18:18:09.183  INFO 18260 --- [           main] s.w.s.m.m.a.RequestMappingHandlerMapping : Mapped "{[/api/hyperlinks/{id}],methods=[DELETE],produces=[application/json]}" onto public org.springframework.http.ResponseEntity<java.lang.Void> com.mycompany.myapp.rest.HyperlinkResource.delete(java.lang.Integer) throws java.net.URISyntaxException
2017-10-06 18:18:09.183  INFO 18260 --- [           main] s.w.s.m.m.a.RequestMappingHandlerMapping : Mapped "{[/api/hyperlinks/],methods=[POST],produces=[application/json]}" onto public org.springframework.http.ResponseEntity<com.mycompany.myapp.dto.HyperlinkDTO> com.mycompany.myapp.rest.HyperlinkResource.create(com.mycompany.myapp.dto.HyperlinkDTO) throws java.net.URISyntaxException
2017-10-06 18:18:09.183  INFO 18260 --- [           main] s.w.s.m.m.a.RequestMappingHandlerMapping : Mapped "{[/api/hyperlinks/complete],methods=[POST],produces=[application/json]}" onto public org.springframework.http.ResponseEntity<java.util.List<com.mycompany.myapp.dto.HyperlinkDTO>> com.mycompany.myapp.rest.HyperlinkResource.complete(com.mycompany.myapp.rest.support.AutoCompleteQuery) throws java.net.URISyntaxException
2017-10-06 18:18:09.183  INFO 18260 --- [           main] s.w.s.m.m.a.RequestMappingHandlerMapping : Mapped "{[/api/hyperlinks/page],methods=[POST],produces=[application/json]}" onto public org.springframework.http.ResponseEntity<com.mycompany.myapp.dto.support.PageResponse<com.mycompany.myapp.dto.HyperlinkDTO>> com.mycompany.myapp.rest.HyperlinkResource.findAll(com.mycompany.myapp.dto.support.PageRequestByExample<com.mycompany.myapp.dto.HyperlinkDTO>) throws java.net.URISyntaxException
2017-10-06 18:18:09.183  INFO 18260 --- [           main] s.w.s.m.m.a.RequestMappingHandlerMapping : Mapped "{[/api/hyperlinks/{id}],methods=[GET],produces=[application/json]}" onto public org.springframework.http.ResponseEntity<com.mycompany.myapp.dto.HyperlinkDTO> com.mycompany.myapp.rest.HyperlinkResource.findById(java.lang.Integer) throws java.net.URISyntaxException
2017-10-06 18:18:09.183  INFO 18260 --- [           main] s.w.s.m.m.a.RequestMappingHandlerMapping : Mapped "{[/api/myComponents/],methods=[PUT],produces=[application/json]}" onto public org.springframework.http.ResponseEntity<com.mycompany.myapp.dto.MyComponentDTO> com.mycompany.myapp.rest.MyComponentResource.update(com.mycompany.myapp.dto.MyComponentDTO) throws java.net.URISyntaxException
2017-10-06 18:18:09.183  INFO 18260 --- [           main] s.w.s.m.m.a.RequestMappingHandlerMapping : Mapped "{[/api/myComponents/{id}],methods=[DELETE],produces=[application/json]}" onto public org.springframework.http.ResponseEntity<java.lang.Void> com.mycompany.myapp.rest.MyComponentResource.delete(java.lang.Integer) throws java.net.URISyntaxException
2017-10-06 18:18:09.183  INFO 18260 --- [           main] s.w.s.m.m.a.RequestMappingHandlerMapping : Mapped "{[/api/myComponents/],methods=[POST],produces=[application/json]}" onto public org.springframework.http.ResponseEntity<com.mycompany.myapp.dto.MyComponentDTO> com.mycompany.myapp.rest.MyComponentResource.create(com.mycompany.myapp.dto.MyComponentDTO) throws java.net.URISyntaxException
2017-10-06 18:18:09.183  INFO 18260 --- [           main] s.w.s.m.m.a.RequestMappingHandlerMapping : Mapped "{[/api/myComponents/complete],methods=[POST],produces=[application/json]}" onto public org.springframework.http.ResponseEntity<java.util.List<com.mycompany.myapp.dto.MyComponentDTO>> com.mycompany.myapp.rest.MyComponentResource.complete(com.mycompany.myapp.rest.support.AutoCompleteQuery) throws java.net.URISyntaxException
2017-10-06 18:18:09.183  INFO 18260 --- [           main] s.w.s.m.m.a.RequestMappingHandlerMapping : Mapped "{[/api/myComponents/page],methods=[POST],produces=[application/json]}" onto public org.springframework.http.ResponseEntity<com.mycompany.myapp.dto.support.PageResponse<com.mycompany.myapp.dto.MyComponentDTO>> com.mycompany.myapp.rest.MyComponentResource.findAll(com.mycompany.myapp.dto.support.PageRequestByExample<com.mycompany.myapp.dto.MyComponentDTO>) throws java.net.URISyntaxException
2017-10-06 18:18:09.183  INFO 18260 --- [           main] s.w.s.m.m.a.RequestMappingHandlerMapping : Mapped "{[/api/myComponents/{id}],methods=[GET],produces=[application/json]}" onto public org.springframework.http.ResponseEntity<com.mycompany.myapp.dto.MyComponentDTO> com.mycompany.myapp.rest.MyComponentResource.findById(java.lang.Integer) throws java.net.URISyntaxException
2017-10-06 18:18:09.183  INFO 18260 --- [           main] s.w.s.m.m.a.RequestMappingHandlerMapping : Mapped "{[/api/noteEntries/],methods=[PUT],produces=[application/json]}" onto public org.springframework.http.ResponseEntity<com.mycompany.myapp.dto.NoteEntryDTO> com.mycompany.myapp.rest.NoteEntryResource.update(com.mycompany.myapp.dto.NoteEntryDTO) throws java.net.URISyntaxException
2017-10-06 18:18:09.183  INFO 18260 --- [           main] s.w.s.m.m.a.RequestMappingHandlerMapping : Mapped "{[/api/noteEntries/{id}],methods=[DELETE],produces=[application/json]}" onto public org.springframework.http.ResponseEntity<java.lang.Void> com.mycompany.myapp.rest.NoteEntryResource.delete(java.lang.Integer) throws java.net.URISyntaxException
2017-10-06 18:18:09.183  INFO 18260 --- [           main] s.w.s.m.m.a.RequestMappingHandlerMapping : Mapped "{[/api/noteEntries/],methods=[POST],produces=[application/json]}" onto public org.springframework.http.ResponseEntity<com.mycompany.myapp.dto.NoteEntryDTO> com.mycompany.myapp.rest.NoteEntryResource.create(com.mycompany.myapp.dto.NoteEntryDTO) throws java.net.URISyntaxException
2017-10-06 18:18:09.183  INFO 18260 --- [           main] s.w.s.m.m.a.RequestMappingHandlerMapping : Mapped "{[/api/noteEntries/complete],methods=[POST],produces=[application/json]}" onto public org.springframework.http.ResponseEntity<java.util.List<com.mycompany.myapp.dto.NoteEntryDTO>> com.mycompany.myapp.rest.NoteEntryResource.complete(com.mycompany.myapp.rest.support.AutoCompleteQuery) throws java.net.URISyntaxException
2017-10-06 18:18:09.183  INFO 18260 --- [           main] s.w.s.m.m.a.RequestMappingHandlerMapping : Mapped "{[/api/noteEntries/page],methods=[POST],produces=[application/json]}" onto public org.springframework.http.ResponseEntity<com.mycompany.myapp.dto.support.PageResponse<com.mycompany.myapp.dto.NoteEntryDTO>> com.mycompany.myapp.rest.NoteEntryResource.findAll(com.mycompany.myapp.dto.support.PageRequestByExample<com.mycompany.myapp.dto.NoteEntryDTO>) throws java.net.URISyntaxException
2017-10-06 18:18:09.183  INFO 18260 --- [           main] s.w.s.m.m.a.RequestMappingHandlerMapping : Mapped "{[/api/noteEntries/{id}],methods=[GET],produces=[application/json]}" onto public org.springframework.http.ResponseEntity<com.mycompany.myapp.dto.NoteEntryDTO> com.mycompany.myapp.rest.NoteEntryResource.findById(java.lang.Integer) throws java.net.URISyntaxException
2017-10-06 18:18:09.183  INFO 18260 --- [           main] s.w.s.m.m.a.RequestMappingHandlerMapping : Mapped "{[/api/notes/],methods=[PUT],produces=[application/json]}" onto public org.springframework.http.ResponseEntity<com.mycompany.myapp.dto.NoteDTO> com.mycompany.myapp.rest.NoteResource.update(com.mycompany.myapp.dto.NoteDTO) throws java.net.URISyntaxException
2017-10-06 18:18:09.183  INFO 18260 --- [           main] s.w.s.m.m.a.RequestMappingHandlerMapping : Mapped "{[/api/notes/{id}],methods=[DELETE],produces=[application/json]}" onto public org.springframework.http.ResponseEntity<java.lang.Void> com.mycompany.myapp.rest.NoteResource.delete(java.lang.Integer) throws java.net.URISyntaxException
2017-10-06 18:18:09.183  INFO 18260 --- [           main] s.w.s.m.m.a.RequestMappingHandlerMapping : Mapped "{[/api/notes/],methods=[POST],produces=[application/json]}" onto public org.springframework.http.ResponseEntity<com.mycompany.myapp.dto.NoteDTO> com.mycompany.myapp.rest.NoteResource.create(com.mycompany.myapp.dto.NoteDTO) throws java.net.URISyntaxException
2017-10-06 18:18:09.183  INFO 18260 --- [           main] s.w.s.m.m.a.RequestMappingHandlerMapping : Mapped "{[/api/notes/complete],methods=[POST],produces=[application/json]}" onto public org.springframework.http.ResponseEntity<java.util.List<com.mycompany.myapp.dto.NoteDTO>> com.mycompany.myapp.rest.NoteResource.complete(com.mycompany.myapp.rest.support.AutoCompleteQuery) throws java.net.URISyntaxException
2017-10-06 18:18:09.183  INFO 18260 --- [           main] s.w.s.m.m.a.RequestMappingHandlerMapping : Mapped "{[/api/notes/page],methods=[POST],produces=[application/json]}" onto public org.springframework.http.ResponseEntity<com.mycompany.myapp.dto.support.PageResponse<com.mycompany.myapp.dto.NoteDTO>> com.mycompany.myapp.rest.NoteResource.findAll(com.mycompany.myapp.dto.support.PageRequestByExample<com.mycompany.myapp.dto.NoteDTO>) throws java.net.URISyntaxException
2017-10-06 18:18:09.183  INFO 18260 --- [           main] s.w.s.m.m.a.RequestMappingHandlerMapping : Mapped "{[/api/notes/{id}],methods=[GET],produces=[application/json]}" onto public org.springframework.http.ResponseEntity<com.mycompany.myapp.dto.NoteDTO> com.mycompany.myapp.rest.NoteResource.findById(java.lang.Integer) throws java.net.URISyntaxException
2017-10-06 18:18:09.183  INFO 18260 --- [           main] s.w.s.m.m.a.RequestMappingHandlerMapping : Mapped "{[/api/packageCockpitTimeseriess/],methods=[PUT],produces=[application/json]}" onto public org.springframework.http.ResponseEntity<com.mycompany.myapp.dto.PackageCockpitTimeseriesDTO> com.mycompany.myapp.rest.PackageCockpitTimeseriesResource.update(com.mycompany.myapp.dto.PackageCockpitTimeseriesDTO) throws java.net.URISyntaxException
2017-10-06 18:18:09.183  INFO 18260 --- [           main] s.w.s.m.m.a.RequestMappingHandlerMapping : Mapped "{[/api/packageCockpitTimeseriess/{id}],methods=[DELETE],produces=[application/json]}" onto public org.springframework.http.ResponseEntity<java.lang.Void> com.mycompany.myapp.rest.PackageCockpitTimeseriesResource.delete(java.lang.Integer) throws java.net.URISyntaxException
2017-10-06 18:18:09.183  INFO 18260 --- [           main] s.w.s.m.m.a.RequestMappingHandlerMapping : Mapped "{[/api/packageCockpitTimeseriess/],methods=[POST],produces=[application/json]}" onto public org.springframework.http.ResponseEntity<com.mycompany.myapp.dto.PackageCockpitTimeseriesDTO> com.mycompany.myapp.rest.PackageCockpitTimeseriesResource.create(com.mycompany.myapp.dto.PackageCockpitTimeseriesDTO) throws java.net.URISyntaxException
2017-10-06 18:18:09.183  INFO 18260 --- [           main] s.w.s.m.m.a.RequestMappingHandlerMapping : Mapped "{[/api/packageCockpitTimeseriess/complete],methods=[POST],produces=[application/json]}" onto public org.springframework.http.ResponseEntity<java.util.List<com.mycompany.myapp.dto.PackageCockpitTimeseriesDTO>> com.mycompany.myapp.rest.PackageCockpitTimeseriesResource.complete(com.mycompany.myapp.rest.support.AutoCompleteQuery) throws java.net.URISyntaxException
2017-10-06 18:18:09.183  INFO 18260 --- [           main] s.w.s.m.m.a.RequestMappingHandlerMapping : Mapped "{[/api/packageCockpitTimeseriess/page],methods=[POST],produces=[application/json]}" onto public org.springframework.http.ResponseEntity<com.mycompany.myapp.dto.support.PageResponse<com.mycompany.myapp.dto.PackageCockpitTimeseriesDTO>> com.mycompany.myapp.rest.PackageCockpitTimeseriesResource.findAll(com.mycompany.myapp.dto.support.PageRequestByExample<com.mycompany.myapp.dto.PackageCockpitTimeseriesDTO>) throws java.net.URISyntaxException
2017-10-06 18:18:09.183  INFO 18260 --- [           main] s.w.s.m.m.a.RequestMappingHandlerMapping : Mapped "{[/api/packageCockpitTimeseriess/{id}],methods=[GET],produces=[application/json]}" onto public org.springframework.http.ResponseEntity<com.mycompany.myapp.dto.PackageCockpitTimeseriesDTO> com.mycompany.myapp.rest.PackageCockpitTimeseriesResource.findById(java.lang.Integer) throws java.net.URISyntaxException
2017-10-06 18:18:09.183  INFO 18260 --- [           main] s.w.s.m.m.a.RequestMappingHandlerMapping : Mapped "{[/api/my_Packages/],methods=[PUT],produces=[application/json]}" onto public org.springframework.http.ResponseEntity<com.mycompany.myapp.dto.PackageDTO> com.mycompany.myapp.rest.PackageResource.update(com.mycompany.myapp.dto.PackageDTO) throws java.net.URISyntaxException
2017-10-06 18:18:09.183  INFO 18260 --- [           main] s.w.s.m.m.a.RequestMappingHandlerMapping : Mapped "{[/api/my_Packages/{id}],methods=[DELETE],produces=[application/json]}" onto public org.springframework.http.ResponseEntity<java.lang.Void> com.mycompany.myapp.rest.PackageResource.delete(java.lang.Integer) throws java.net.URISyntaxException
2017-10-06 18:18:09.183  INFO 18260 --- [           main] s.w.s.m.m.a.RequestMappingHandlerMapping : Mapped "{[/api/my_Packages/],methods=[POST],produces=[application/json]}" onto public org.springframework.http.ResponseEntity<com.mycompany.myapp.dto.PackageDTO> com.mycompany.myapp.rest.PackageResource.create(com.mycompany.myapp.dto.PackageDTO) throws java.net.URISyntaxException
2017-10-06 18:18:09.183  INFO 18260 --- [           main] s.w.s.m.m.a.RequestMappingHandlerMapping : Mapped "{[/api/my_Packages/complete],methods=[POST],produces=[application/json]}" onto public org.springframework.http.ResponseEntity<java.util.List<com.mycompany.myapp.dto.PackageDTO>> com.mycompany.myapp.rest.PackageResource.complete(com.mycompany.myapp.rest.support.AutoCompleteQuery) throws java.net.URISyntaxException
2017-10-06 18:18:09.183  INFO 18260 --- [           main] s.w.s.m.m.a.RequestMappingHandlerMapping : Mapped "{[/api/my_Packages/page],methods=[POST],produces=[application/json]}" onto public org.springframework.http.ResponseEntity<com.mycompany.myapp.dto.support.PageResponse<com.mycompany.myapp.dto.PackageDTO>> com.mycompany.myapp.rest.PackageResource.findAll(com.mycompany.myapp.dto.support.PageRequestByExample<com.mycompany.myapp.dto.PackageDTO>) throws java.net.URISyntaxException
2017-10-06 18:18:09.183  INFO 18260 --- [           main] s.w.s.m.m.a.RequestMappingHandlerMapping : Mapped "{[/api/my_Packages/{id}],methods=[GET],produces=[application/json]}" onto public org.springframework.http.ResponseEntity<com.mycompany.myapp.dto.PackageDTO> com.mycompany.myapp.rest.PackageResource.findById(java.lang.Integer) throws java.net.URISyntaxException
2017-10-06 18:18:09.198  INFO 18260 --- [           main] s.w.s.m.m.a.RequestMappingHandlerMapping : Mapped "{[/api/passports/],methods=[PUT],produces=[application/json]}" onto public org.springframework.http.ResponseEntity<com.mycompany.myapp.dto.PassportDTO> com.mycompany.myapp.rest.PassportResource.update(com.mycompany.myapp.dto.PassportDTO) throws java.net.URISyntaxException
2017-10-06 18:18:09.198  INFO 18260 --- [           main] s.w.s.m.m.a.RequestMappingHandlerMapping : Mapped "{[/api/passports/{id}],methods=[DELETE],produces=[application/json]}" onto public org.springframework.http.ResponseEntity<java.lang.Void> com.mycompany.myapp.rest.PassportResource.delete(java.lang.Integer) throws java.net.URISyntaxException
2017-10-06 18:18:09.198  INFO 18260 --- [           main] s.w.s.m.m.a.RequestMappingHandlerMapping : Mapped "{[/api/passports/],methods=[POST],produces=[application/json]}" onto public org.springframework.http.ResponseEntity<com.mycompany.myapp.dto.PassportDTO> com.mycompany.myapp.rest.PassportResource.create(com.mycompany.myapp.dto.PassportDTO) throws java.net.URISyntaxException
2017-10-06 18:18:09.198  INFO 18260 --- [           main] s.w.s.m.m.a.RequestMappingHandlerMapping : Mapped "{[/api/passports/complete],methods=[POST],produces=[application/json]}" onto public org.springframework.http.ResponseEntity<java.util.List<com.mycompany.myapp.dto.PassportDTO>> com.mycompany.myapp.rest.PassportResource.complete(com.mycompany.myapp.rest.support.AutoCompleteQuery) throws java.net.URISyntaxException
2017-10-06 18:18:09.198  INFO 18260 --- [           main] s.w.s.m.m.a.RequestMappingHandlerMapping : Mapped "{[/api/passports/page],methods=[POST],produces=[application/json]}" onto public org.springframework.http.ResponseEntity<com.mycompany.myapp.dto.support.PageResponse<com.mycompany.myapp.dto.PassportDTO>> com.mycompany.myapp.rest.PassportResource.findAll(com.mycompany.myapp.dto.support.PageRequestByExample<com.mycompany.myapp.dto.PassportDTO>) throws java.net.URISyntaxException
2017-10-06 18:18:09.198  INFO 18260 --- [           main] s.w.s.m.m.a.RequestMappingHandlerMapping : Mapped "{[/api/passports/{id}],methods=[GET],produces=[application/json]}" onto public org.springframework.http.ResponseEntity<com.mycompany.myapp.dto.PassportDTO> com.mycompany.myapp.rest.PassportResource.findById(java.lang.Integer) throws java.net.URISyntaxException
2017-10-06 18:18:09.198  INFO 18260 --- [           main] s.w.s.m.m.a.RequestMappingHandlerMapping : Mapped "{[/api/projects/],methods=[PUT],produces=[application/json]}" onto public org.springframework.http.ResponseEntity<com.mycompany.myapp.dto.ProjectDTO> com.mycompany.myapp.rest.ProjectResource.update(com.mycompany.myapp.dto.ProjectDTO) throws java.net.URISyntaxException
2017-10-06 18:18:09.198  INFO 18260 --- [           main] s.w.s.m.m.a.RequestMappingHandlerMapping : Mapped "{[/api/projects/{id}],methods=[DELETE],produces=[application/json]}" onto public org.springframework.http.ResponseEntity<java.lang.Void> com.mycompany.myapp.rest.ProjectResource.delete(java.lang.Integer) throws java.net.URISyntaxException
2017-10-06 18:18:09.198  INFO 18260 --- [           main] s.w.s.m.m.a.RequestMappingHandlerMapping : Mapped "{[/api/projects/],methods=[POST],produces=[application/json]}" onto public org.springframework.http.ResponseEntity<com.mycompany.myapp.dto.ProjectDTO> com.mycompany.myapp.rest.ProjectResource.create(com.mycompany.myapp.dto.ProjectDTO) throws java.net.URISyntaxException
2017-10-06 18:18:09.198  INFO 18260 --- [           main] s.w.s.m.m.a.RequestMappingHandlerMapping : Mapped "{[/api/projects/complete],methods=[POST],produces=[application/json]}" onto public org.springframework.http.ResponseEntity<java.util.List<com.mycompany.myapp.dto.ProjectDTO>> com.mycompany.myapp.rest.ProjectResource.complete(com.mycompany.myapp.rest.support.AutoCompleteQuery) throws java.net.URISyntaxException
2017-10-06 18:18:09.198  INFO 18260 --- [           main] s.w.s.m.m.a.RequestMappingHandlerMapping : Mapped "{[/api/projects/page],methods=[POST],produces=[application/json]}" onto public org.springframework.http.ResponseEntity<com.mycompany.myapp.dto.support.PageResponse<com.mycompany.myapp.dto.ProjectDTO>> com.mycompany.myapp.rest.ProjectResource.findAll(com.mycompany.myapp.dto.support.PageRequestByExample<com.mycompany.myapp.dto.ProjectDTO>) throws java.net.URISyntaxException
2017-10-06 18:18:09.198  INFO 18260 --- [           main] s.w.s.m.m.a.RequestMappingHandlerMapping : Mapped "{[/api/projects/{id}],methods=[GET],produces=[application/json]}" onto public org.springframework.http.ResponseEntity<com.mycompany.myapp.dto.ProjectDTO> com.mycompany.myapp.rest.ProjectResource.findById(java.lang.Integer) throws java.net.URISyntaxException
2017-10-06 18:18:09.198  INFO 18260 --- [           main] s.w.s.m.m.a.RequestMappingHandlerMapping : Mapped "{[/api/releasePackages/],methods=[PUT],produces=[application/json]}" onto public org.springframework.http.ResponseEntity<com.mycompany.myapp.dto.ReleasePackageDTO> com.mycompany.myapp.rest.ReleasePackageResource.update(com.mycompany.myapp.dto.ReleasePackageDTO) throws java.net.URISyntaxException
2017-10-06 18:18:09.198  INFO 18260 --- [           main] s.w.s.m.m.a.RequestMappingHandlerMapping : Mapped "{[/api/releasePackages/{id}],methods=[DELETE],produces=[application/json]}" onto public org.springframework.http.ResponseEntity<java.lang.Void> com.mycompany.myapp.rest.ReleasePackageResource.delete(java.lang.Integer) throws java.net.URISyntaxException
2017-10-06 18:18:09.198  INFO 18260 --- [           main] s.w.s.m.m.a.RequestMappingHandlerMapping : Mapped "{[/api/releasePackages/],methods=[POST],produces=[application/json]}" onto public org.springframework.http.ResponseEntity<com.mycompany.myapp.dto.ReleasePackageDTO> com.mycompany.myapp.rest.ReleasePackageResource.create(com.mycompany.myapp.dto.ReleasePackageDTO) throws java.net.URISyntaxException
2017-10-06 18:18:09.198  INFO 18260 --- [           main] s.w.s.m.m.a.RequestMappingHandlerMapping : Mapped "{[/api/releasePackages/complete],methods=[POST],produces=[application/json]}" onto public org.springframework.http.ResponseEntity<java.util.List<com.mycompany.myapp.dto.ReleasePackageDTO>> com.mycompany.myapp.rest.ReleasePackageResource.complete(com.mycompany.myapp.rest.support.AutoCompleteQuery) throws java.net.URISyntaxException
2017-10-06 18:18:09.198  INFO 18260 --- [           main] s.w.s.m.m.a.RequestMappingHandlerMapping : Mapped "{[/api/releasePackages/page],methods=[POST],produces=[application/json]}" onto public org.springframework.http.ResponseEntity<com.mycompany.myapp.dto.support.PageResponse<com.mycompany.myapp.dto.ReleasePackageDTO>> com.mycompany.myapp.rest.ReleasePackageResource.findAll(com.mycompany.myapp.dto.support.PageRequestByExample<com.mycompany.myapp.dto.ReleasePackageDTO>) throws java.net.URISyntaxException
2017-10-06 18:18:09.198  INFO 18260 --- [           main] s.w.s.m.m.a.RequestMappingHandlerMapping : Mapped "{[/api/releasePackages/{id}],methods=[GET],produces=[application/json]}" onto public org.springframework.http.ResponseEntity<com.mycompany.myapp.dto.ReleasePackageDTO> com.mycompany.myapp.rest.ReleasePackageResource.findById(java.lang.Integer) throws java.net.URISyntaxException
2017-10-06 18:18:09.198  INFO 18260 --- [           main] s.w.s.m.m.a.RequestMappingHandlerMapping : Mapped "{[/api/releases/],methods=[PUT],produces=[application/json]}" onto public org.springframework.http.ResponseEntity<com.mycompany.myapp.dto.ReleaseDTO> com.mycompany.myapp.rest.ReleaseResource.update(com.mycompany.myapp.dto.ReleaseDTO) throws java.net.URISyntaxException
2017-10-06 18:18:09.198  INFO 18260 --- [           main] s.w.s.m.m.a.RequestMappingHandlerMapping : Mapped "{[/api/releases/{id}],methods=[DELETE],produces=[application/json]}" onto public org.springframework.http.ResponseEntity<java.lang.Void> com.mycompany.myapp.rest.ReleaseResource.delete(java.lang.Integer) throws java.net.URISyntaxException
2017-10-06 18:18:09.198  INFO 18260 --- [           main] s.w.s.m.m.a.RequestMappingHandlerMapping : Mapped "{[/api/releases/],methods=[POST],produces=[application/json]}" onto public org.springframework.http.ResponseEntity<com.mycompany.myapp.dto.ReleaseDTO> com.mycompany.myapp.rest.ReleaseResource.create(com.mycompany.myapp.dto.ReleaseDTO) throws java.net.URISyntaxException
2017-10-06 18:18:09.198  INFO 18260 --- [           main] s.w.s.m.m.a.RequestMappingHandlerMapping : Mapped "{[/api/releases/complete],methods=[POST],produces=[application/json]}" onto public org.springframework.http.ResponseEntity<java.util.List<com.mycompany.myapp.dto.ReleaseDTO>> com.mycompany.myapp.rest.ReleaseResource.complete(com.mycompany.myapp.rest.support.AutoCompleteQuery) throws java.net.URISyntaxException
2017-10-06 18:18:09.198  INFO 18260 --- [           main] s.w.s.m.m.a.RequestMappingHandlerMapping : Mapped "{[/api/releases/page],methods=[POST],produces=[application/json]}" onto public org.springframework.http.ResponseEntity<com.mycompany.myapp.dto.support.PageResponse<com.mycompany.myapp.dto.ReleaseDTO>> com.mycompany.myapp.rest.ReleaseResource.findAll(com.mycompany.myapp.dto.support.PageRequestByExample<com.mycompany.myapp.dto.ReleaseDTO>) throws java.net.URISyntaxException
2017-10-06 18:18:09.198  INFO 18260 --- [           main] s.w.s.m.m.a.RequestMappingHandlerMapping : Mapped "{[/api/releases/{id}],methods=[GET],produces=[application/json]}" onto public org.springframework.http.ResponseEntity<com.mycompany.myapp.dto.ReleaseDTO> com.mycompany.myapp.rest.ReleaseResource.findById(java.lang.Integer) throws java.net.URISyntaxException
2017-10-06 18:18:09.198  INFO 18260 --- [           main] s.w.s.m.m.a.RequestMappingHandlerMapping : Mapped "{[/api/roles/],methods=[PUT],produces=[application/json]}" onto public org.springframework.http.ResponseEntity<com.mycompany.myapp.dto.RoleDTO> com.mycompany.myapp.rest.RoleResource.update(com.mycompany.myapp.dto.RoleDTO) throws java.net.URISyntaxException
2017-10-06 18:18:09.198  INFO 18260 --- [           main] s.w.s.m.m.a.RequestMappingHandlerMapping : Mapped "{[/api/roles/{id}],methods=[DELETE],produces=[application/json]}" onto public org.springframework.http.ResponseEntity<java.lang.Void> com.mycompany.myapp.rest.RoleResource.delete(java.lang.Integer) throws java.net.URISyntaxException
2017-10-06 18:18:09.198  INFO 18260 --- [           main] s.w.s.m.m.a.RequestMappingHandlerMapping : Mapped "{[/api/roles/],methods=[POST],produces=[application/json]}" onto public org.springframework.http.ResponseEntity<com.mycompany.myapp.dto.RoleDTO> com.mycompany.myapp.rest.RoleResource.create(com.mycompany.myapp.dto.RoleDTO) throws java.net.URISyntaxException
2017-10-06 18:18:09.198  INFO 18260 --- [           main] s.w.s.m.m.a.RequestMappingHandlerMapping : Mapped "{[/api/roles/complete],methods=[POST],produces=[application/json]}" onto public org.springframework.http.ResponseEntity<java.util.List<com.mycompany.myapp.dto.RoleDTO>> com.mycompany.myapp.rest.RoleResource.complete(com.mycompany.myapp.rest.support.AutoCompleteQuery) throws java.net.URISyntaxException
2017-10-06 18:18:09.198  INFO 18260 --- [           main] s.w.s.m.m.a.RequestMappingHandlerMapping : Mapped "{[/api/roles/page],methods=[POST],produces=[application/json]}" onto public org.springframework.http.ResponseEntity<com.mycompany.myapp.dto.support.PageResponse<com.mycompany.myapp.dto.RoleDTO>> com.mycompany.myapp.rest.RoleResource.findAll(com.mycompany.myapp.dto.support.PageRequestByExample<com.mycompany.myapp.dto.RoleDTO>) throws java.net.URISyntaxException
2017-10-06 18:18:09.198  INFO 18260 --- [           main] s.w.s.m.m.a.RequestMappingHandlerMapping : Mapped "{[/api/roles/{id}],methods=[GET],produces=[application/json]}" onto public org.springframework.http.ResponseEntity<com.mycompany.myapp.dto.RoleDTO> com.mycompany.myapp.rest.RoleResource.findById(java.lang.Integer) throws java.net.URISyntaxException
2017-10-06 18:18:09.198  INFO 18260 --- [           main] s.w.s.m.m.a.RequestMappingHandlerMapping : Mapped "{[/api/authenticated],methods=[GET],produces=[application/json]}" onto public boolean com.mycompany.myapp.rest.SecurityResource.isAuthenticated()
2017-10-06 18:18:09.198  INFO 18260 --- [           main] s.w.s.m.m.a.RequestMappingHandlerMapping : Mapped "{[/api/users/],methods=[PUT],produces=[application/json]}" onto public org.springframework.http.ResponseEntity<com.mycompany.myapp.dto.UserDTO> com.mycompany.myapp.rest.UserResource.update(com.mycompany.myapp.dto.UserDTO) throws java.net.URISyntaxException
2017-10-06 18:18:09.198  INFO 18260 --- [           main] s.w.s.m.m.a.RequestMappingHandlerMapping : Mapped "{[/api/users/{id}],methods=[DELETE],produces=[application/json]}" onto public org.springframework.http.ResponseEntity<java.lang.Void> com.mycompany.myapp.rest.UserResource.delete(java.lang.Integer) throws java.net.URISyntaxException
2017-10-06 18:18:09.198  INFO 18260 --- [           main] s.w.s.m.m.a.RequestMappingHandlerMapping : Mapped "{[/api/users/],methods=[POST],produces=[application/json]}" onto public org.springframework.http.ResponseEntity<com.mycompany.myapp.dto.UserDTO> com.mycompany.myapp.rest.UserResource.create(com.mycompany.myapp.dto.UserDTO) throws java.net.URISyntaxException
2017-10-06 18:18:09.198  INFO 18260 --- [           main] s.w.s.m.m.a.RequestMappingHandlerMapping : Mapped "{[/api/users/complete],methods=[POST],produces=[application/json]}" onto public org.springframework.http.ResponseEntity<java.util.List<com.mycompany.myapp.dto.UserDTO>> com.mycompany.myapp.rest.UserResource.complete(com.mycompany.myapp.rest.support.AutoCompleteQuery) throws java.net.URISyntaxException
2017-10-06 18:18:09.198  INFO 18260 --- [           main] s.w.s.m.m.a.RequestMappingHandlerMapping : Mapped "{[/api/users/page],methods=[POST],produces=[application/json]}" onto public org.springframework.http.ResponseEntity<com.mycompany.myapp.dto.support.PageResponse<com.mycompany.myapp.dto.UserDTO>> com.mycompany.myapp.rest.UserResource.findAll(com.mycompany.myapp.dto.support.PageRequestByExample<com.mycompany.myapp.dto.UserDTO>) throws java.net.URISyntaxException
2017-10-06 18:18:09.198  INFO 18260 --- [           main] s.w.s.m.m.a.RequestMappingHandlerMapping : Mapped "{[/api/users/{id}],methods=[GET],produces=[application/json]}" onto public org.springframework.http.ResponseEntity<com.mycompany.myapp.dto.UserDTO> com.mycompany.myapp.rest.UserResource.findById(java.lang.Integer) throws java.net.URISyntaxException
2017-10-06 18:18:09.198  INFO 18260 --- [           main] s.w.s.m.m.a.RequestMappingHandlerMapping : Mapped "{[/swagger-resources]}" onto public org.springframework.http.ResponseEntity<java.util.List<springfox.documentation.swagger.web.SwaggerResource>> springfox.documentation.swagger.web.ApiResourceController.swaggerResources()
2017-10-06 18:18:09.198  INFO 18260 --- [           main] s.w.s.m.m.a.RequestMappingHandlerMapping : Mapped "{[/swagger-resources/configuration/ui]}" onto public org.springframework.http.ResponseEntity<springfox.documentation.swagger.web.UiConfiguration> springfox.documentation.swagger.web.ApiResourceController.uiConfiguration()
2017-10-06 18:18:09.214  INFO 18260 --- [           main] s.w.s.m.m.a.RequestMappingHandlerMapping : Mapped "{[/swagger-resources/configuration/security]}" onto public org.springframework.http.ResponseEntity<springfox.documentation.swagger.web.SecurityConfiguration> springfox.documentation.swagger.web.ApiResourceController.securityConfiguration()
2017-10-06 18:18:09.214  INFO 18260 --- [           main] s.w.s.m.m.a.RequestMappingHandlerMapping : Mapped "{[/error]}" onto public org.springframework.http.ResponseEntity<java.util.Map<java.lang.String, java.lang.Object>> org.springframework.boot.autoconfigure.web.BasicErrorController.error(javax.servlet.http.HttpServletRequest)
2017-10-06 18:18:09.214  INFO 18260 --- [           main] s.w.s.m.m.a.RequestMappingHandlerMapping : Mapped "{[/error],produces=[text/html]}" onto public org.springframework.web.servlet.ModelAndView org.springframework.boot.autoconfigure.web.BasicErrorController.errorHtml(javax.servlet.http.HttpServletRequest,javax.servlet.http.HttpServletResponse)
2017-10-06 18:18:09.471  INFO 18260 --- [           main] o.s.s.web.DefaultSecurityFilterChain     : Creating filter chain: Ant [pattern='/**', OPTIONS], []
2017-10-06 18:18:09.471  INFO 18260 --- [           main] o.s.s.web.DefaultSecurityFilterChain     : Creating filter chain: Ant [pattern='/'], []
2017-10-06 18:18:09.471  INFO 18260 --- [           main] o.s.s.web.DefaultSecurityFilterChain     : Creating filter chain: Ant [pattern='/*.{js,html}'], []
2017-10-06 18:18:09.471  INFO 18260 --- [           main] o.s.s.web.DefaultSecurityFilterChain     : Creating filter chain: Ant [pattern='/img/**'], []
2017-10-06 18:18:09.471  INFO 18260 --- [           main] o.s.s.web.DefaultSecurityFilterChain     : Creating filter chain: Ant [pattern='/node_modules/**'], []
2017-10-06 18:18:09.471  INFO 18260 --- [           main] o.s.s.web.DefaultSecurityFilterChain     : Creating filter chain: Ant [pattern='/**/*.{js,html,css}'], []
2017-10-06 18:18:09.539  INFO 18260 --- [           main] o.s.s.web.DefaultSecurityFilterChain     : Creating filter chain: org.springframework.security.web.util.matcher.AnyRequestMatcher@1, [org.springframework.security.web.context.request.async.WebAsyncManagerIntegrationFilter@4248feb2, org.springframework.security.web.context.SecurityContextPersistenceFilter@5a082fc5, org.springframework.security.web.header.HeaderWriterFilter@3321d8c7, org.springframework.security.web.authentication.logout.LogoutFilter@20ce0c57, org.springframework.security.web.authentication.UsernamePasswordAuthenticationFilter@43be29cc, org.springframework.security.web.savedrequest.RequestCacheAwareFilter@2e94e9dc, org.springframework.security.web.servletapi.SecurityContextHolderAwareRequestFilter@6fbb875, org.springframework.security.web.authentication.AnonymousAuthenticationFilter@5a1b3a14, org.springframework.security.web.session.SessionManagementFilter@41b69abd, org.springframework.security.web.access.ExceptionTranslationFilter@41ef5a0e, org.springframework.security.web.access.intercept.FilterSecurityInterceptor@477197e3]
2017-10-06 18:18:09.618  INFO 18260 --- [           main] pertySourcedRequestMappingHandlerMapping : Mapped URL path [/v2/api-docs] onto method [public org.springframework.http.ResponseEntity<springfox.documentation.spring.web.json.Json> springfox.documentation.swagger2.web.Swagger2Controller.getDocumentation(java.lang.String,javax.servlet.http.HttpServletRequest)]
2017-10-06 18:18:09.834  INFO 18260 --- [           main] s.w.s.m.m.a.RequestMappingHandlerAdapter : Looking for @ControllerAdvice: org.springframework.boot.context.embedded.AnnotationConfigEmbeddedWebApplicationContext@1964d532: startup date [Fri Oct 06 18:18:03 CEST 2017]; root of context hierarchy
2017-10-06 18:18:09.888  INFO 18260 --- [           main] o.s.w.s.handler.SimpleUrlHandlerMapping  : Mapped URL path [/webjars/**] onto handler of type [class org.springframework.web.servlet.resource.ResourceHttpRequestHandler]
2017-10-06 18:18:09.888  INFO 18260 --- [           main] o.s.w.s.handler.SimpleUrlHandlerMapping  : Mapped URL path [/**] onto handler of type [class org.springframework.web.servlet.resource.ResourceHttpRequestHandler]
2017-10-06 18:18:09.928  INFO 18260 --- [           main] o.s.w.s.handler.SimpleUrlHandlerMapping  : Mapped URL path [/**/favicon.ico] onto handler of type [class org.springframework.web.servlet.resource.ResourceHttpRequestHandler]
2017-10-06 18:18:10.192  INFO 18260 --- [           main] o.s.j.e.a.AnnotationMBeanExporter        : Registering beans for JMX exposure on startup
2017-10-06 18:18:10.208  INFO 18260 --- [           main] o.s.c.support.DefaultLifecycleProcessor  : Starting beans in phase 2147483647
2017-10-06 18:18:10.208  INFO 18260 --- [           main] d.s.w.p.DocumentationPluginsBootstrapper : Context refreshed
2017-10-06 18:18:10.223  INFO 18260 --- [           main] d.s.w.p.DocumentationPluginsBootstrapper : Found 1 custom documentation plugin(s)
2017-10-06 18:18:10.437  INFO 18260 --- [           main] s.d.s.w.s.ApiListingReferenceScanner     : Scanning for api listing references
2017-10-06 18:18:10.623  INFO 18260 --- [           main] .d.s.w.r.o.CachingOperationNameGenerator : Generating unique operation named: completeUsingPOST_1
2017-10-06 18:18:10.623  INFO 18260 --- [           main] .d.s.w.r.o.CachingOperationNameGenerator : Generating unique operation named: createUsingPOST_1
2017-10-06 18:18:10.638  INFO 18260 --- [           main] .d.s.w.r.o.CachingOperationNameGenerator : Generating unique operation named: deleteUsingDELETE_1
2017-10-06 18:18:10.654  INFO 18260 --- [           main] .d.s.w.r.o.CachingOperationNameGenerator : Generating unique operation named: findAllUsingPOST_1
2017-10-06 18:18:10.654  INFO 18260 --- [           main] .d.s.w.r.o.CachingOperationNameGenerator : Generating unique operation named: findByIdUsingGET_1
2017-10-06 18:18:10.654  INFO 18260 --- [           main] .d.s.w.r.o.CachingOperationNameGenerator : Generating unique operation named: updateUsingPUT_1
2017-10-06 18:18:10.670  INFO 18260 --- [           main] .d.s.w.r.o.CachingOperationNameGenerator : Generating unique operation named: completeUsingPOST_2
2017-10-06 18:18:10.676  INFO 18260 --- [           main] .d.s.w.r.o.CachingOperationNameGenerator : Generating unique operation named: createUsingPOST_2
2017-10-06 18:18:10.680  INFO 18260 --- [           main] .d.s.w.r.o.CachingOperationNameGenerator : Generating unique operation named: deleteUsingDELETE_2
2017-10-06 18:18:10.686  INFO 18260 --- [           main] .d.s.w.r.o.CachingOperationNameGenerator : Generating unique operation named: findAllUsingPOST_2
2017-10-06 18:18:10.690  INFO 18260 --- [           main] .d.s.w.r.o.CachingOperationNameGenerator : Generating unique operation named: findByIdUsingGET_2
2017-10-06 18:18:10.695  INFO 18260 --- [           main] .d.s.w.r.o.CachingOperationNameGenerator : Generating unique operation named: updateUsingPUT_2
2017-10-06 18:18:10.706  INFO 18260 --- [           main] .d.s.w.r.o.CachingOperationNameGenerator : Generating unique operation named: completeUsingPOST_3
2017-10-06 18:18:10.716  INFO 18260 --- [           main] .d.s.w.r.o.CachingOperationNameGenerator : Generating unique operation named: createUsingPOST_3
2017-10-06 18:18:10.719  INFO 18260 --- [           main] .d.s.w.r.o.CachingOperationNameGenerator : Generating unique operation named: deleteUsingDELETE_3
2017-10-06 18:18:10.728  INFO 18260 --- [           main] .d.s.w.r.o.CachingOperationNameGenerator : Generating unique operation named: findAllUsingPOST_3
2017-10-06 18:18:10.733  INFO 18260 --- [           main] .d.s.w.r.o.CachingOperationNameGenerator : Generating unique operation named: findByIdUsingGET_3
2017-10-06 18:18:10.738  INFO 18260 --- [           main] .d.s.w.r.o.CachingOperationNameGenerator : Generating unique operation named: updateUsingPUT_3
2017-10-06 18:18:10.744  INFO 18260 --- [           main] .d.s.w.r.o.CachingOperationNameGenerator : Generating unique operation named: completeUsingPOST_4
2017-10-06 18:18:10.749  INFO 18260 --- [           main] .d.s.w.r.o.CachingOperationNameGenerator : Generating unique operation named: createUsingPOST_4
2017-10-06 18:18:10.752  INFO 18260 --- [           main] .d.s.w.r.o.CachingOperationNameGenerator : Generating unique operation named: deleteUsingDELETE_4
2017-10-06 18:18:10.758  INFO 18260 --- [           main] .d.s.w.r.o.CachingOperationNameGenerator : Generating unique operation named: findAllUsingPOST_4
2017-10-06 18:18:10.759  INFO 18260 --- [           main] .d.s.w.r.o.CachingOperationNameGenerator : Generating unique operation named: findByIdUsingGET_4
2017-10-06 18:18:10.759  INFO 18260 --- [           main] .d.s.w.r.o.CachingOperationNameGenerator : Generating unique operation named: updateUsingPUT_4
2017-10-06 18:18:10.759  INFO 18260 --- [           main] .d.s.w.r.o.CachingOperationNameGenerator : Generating unique operation named: completeUsingPOST_5
2017-10-06 18:18:10.774  INFO 18260 --- [           main] .d.s.w.r.o.CachingOperationNameGenerator : Generating unique operation named: createUsingPOST_5
2017-10-06 18:18:10.774  INFO 18260 --- [           main] .d.s.w.r.o.CachingOperationNameGenerator : Generating unique operation named: deleteUsingDELETE_5
2017-10-06 18:18:10.774  INFO 18260 --- [           main] .d.s.w.r.o.CachingOperationNameGenerator : Generating unique operation named: findAllUsingPOST_5
2017-10-06 18:18:10.774  INFO 18260 --- [           main] .d.s.w.r.o.CachingOperationNameGenerator : Generating unique operation named: findByIdUsingGET_5
2017-10-06 18:18:10.790  INFO 18260 --- [           main] .d.s.w.r.o.CachingOperationNameGenerator : Generating unique operation named: updateUsingPUT_5
2017-10-06 18:18:10.790  INFO 18260 --- [           main] .d.s.w.r.o.CachingOperationNameGenerator : Generating unique operation named: completeUsingPOST_6
2017-10-06 18:18:10.790  INFO 18260 --- [           main] .d.s.w.r.o.CachingOperationNameGenerator : Generating unique operation named: createUsingPOST_6
2017-10-06 18:18:10.805  INFO 18260 --- [           main] .d.s.w.r.o.CachingOperationNameGenerator : Generating unique operation named: deleteUsingDELETE_6
2017-10-06 18:18:10.805  INFO 18260 --- [           main] .d.s.w.r.o.CachingOperationNameGenerator : Generating unique operation named: findAllUsingPOST_6
2017-10-06 18:18:10.805  INFO 18260 --- [           main] .d.s.w.r.o.CachingOperationNameGenerator : Generating unique operation named: findByIdUsingGET_6
2017-10-06 18:18:10.805  INFO 18260 --- [           main] .d.s.w.r.o.CachingOperationNameGenerator : Generating unique operation named: updateUsingPUT_6
2017-10-06 18:18:10.821  INFO 18260 --- [           main] .d.s.w.r.o.CachingOperationNameGenerator : Generating unique operation named: completeUsingPOST_7
2017-10-06 18:18:10.821  INFO 18260 --- [           main] .d.s.w.r.o.CachingOperationNameGenerator : Generating unique operation named: createUsingPOST_7
2017-10-06 18:18:10.821  INFO 18260 --- [           main] .d.s.w.r.o.CachingOperationNameGenerator : Generating unique operation named: deleteUsingDELETE_7
2017-10-06 18:18:10.837  INFO 18260 --- [           main] .d.s.w.r.o.CachingOperationNameGenerator : Generating unique operation named: findAllUsingPOST_7
2017-10-06 18:18:10.837  INFO 18260 --- [           main] .d.s.w.r.o.CachingOperationNameGenerator : Generating unique operation named: findByIdUsingGET_7
2017-10-06 18:18:10.837  INFO 18260 --- [           main] .d.s.w.r.o.CachingOperationNameGenerator : Generating unique operation named: updateUsingPUT_7
2017-10-06 18:18:10.837  INFO 18260 --- [           main] .d.s.w.r.o.CachingOperationNameGenerator : Generating unique operation named: completeUsingPOST_8
2017-10-06 18:18:10.837  INFO 18260 --- [           main] .d.s.w.r.o.CachingOperationNameGenerator : Generating unique operation named: createUsingPOST_8
2017-10-06 18:18:10.852  INFO 18260 --- [           main] .d.s.w.r.o.CachingOperationNameGenerator : Generating unique operation named: deleteUsingDELETE_8
2017-10-06 18:18:10.852  INFO 18260 --- [           main] .d.s.w.r.o.CachingOperationNameGenerator : Generating unique operation named: findAllUsingPOST_8
2017-10-06 18:18:10.852  INFO 18260 --- [           main] .d.s.w.r.o.CachingOperationNameGenerator : Generating unique operation named: findByIdUsingGET_8
2017-10-06 18:18:10.852  INFO 18260 --- [           main] .d.s.w.r.o.CachingOperationNameGenerator : Generating unique operation named: updateUsingPUT_8
2017-10-06 18:18:10.852  INFO 18260 --- [           main] .d.s.w.r.o.CachingOperationNameGenerator : Generating unique operation named: completeUsingPOST_9
2017-10-06 18:18:10.868  INFO 18260 --- [           main] .d.s.w.r.o.CachingOperationNameGenerator : Generating unique operation named: createUsingPOST_9
2017-10-06 18:18:10.868  INFO 18260 --- [           main] .d.s.w.r.o.CachingOperationNameGenerator : Generating unique operation named: deleteUsingDELETE_9
2017-10-06 18:18:10.868  INFO 18260 --- [           main] .d.s.w.r.o.CachingOperationNameGenerator : Generating unique operation named: findAllUsingPOST_9
2017-10-06 18:18:10.868  INFO 18260 --- [           main] .d.s.w.r.o.CachingOperationNameGenerator : Generating unique operation named: findByIdUsingGET_9
2017-10-06 18:18:10.868  INFO 18260 --- [           main] .d.s.w.r.o.CachingOperationNameGenerator : Generating unique operation named: updateUsingPUT_9
2017-10-06 18:18:10.884  INFO 18260 --- [           main] .d.s.w.r.o.CachingOperationNameGenerator : Generating unique operation named: completeUsingPOST_10
2017-10-06 18:18:10.898  INFO 18260 --- [           main] .d.s.w.r.o.CachingOperationNameGenerator : Generating unique operation named: createUsingPOST_10
2017-10-06 18:18:10.901  INFO 18260 --- [           main] .d.s.w.r.o.CachingOperationNameGenerator : Generating unique operation named: deleteUsingDELETE_10
2017-10-06 18:18:10.907  INFO 18260 --- [           main] .d.s.w.r.o.CachingOperationNameGenerator : Generating unique operation named: findAllUsingPOST_10
2017-10-06 18:18:10.911  INFO 18260 --- [           main] .d.s.w.r.o.CachingOperationNameGenerator : Generating unique operation named: findByIdUsingGET_10
2017-10-06 18:18:10.915  INFO 18260 --- [           main] .d.s.w.r.o.CachingOperationNameGenerator : Generating unique operation named: updateUsingPUT_10
2017-10-06 18:18:10.920  INFO 18260 --- [           main] .d.s.w.r.o.CachingOperationNameGenerator : Generating unique operation named: completeUsingPOST_11
2017-10-06 18:18:10.923  INFO 18260 --- [           main] .d.s.w.r.o.CachingOperationNameGenerator : Generating unique operation named: createUsingPOST_11
2017-10-06 18:18:10.927  INFO 18260 --- [           main] .d.s.w.r.o.CachingOperationNameGenerator : Generating unique operation named: deleteUsingDELETE_11
2017-10-06 18:18:10.932  INFO 18260 --- [           main] .d.s.w.r.o.CachingOperationNameGenerator : Generating unique operation named: findAllUsingPOST_11
2017-10-06 18:18:10.937  INFO 18260 --- [           main] .d.s.w.r.o.CachingOperationNameGenerator : Generating unique operation named: findByIdUsingGET_11
2017-10-06 18:18:10.942  INFO 18260 --- [           main] .d.s.w.r.o.CachingOperationNameGenerator : Generating unique operation named: updateUsingPUT_11
2017-10-06 18:18:10.945  INFO 18260 --- [           main] .d.s.w.r.o.CachingOperationNameGenerator : Generating unique operation named: completeUsingPOST_12
2017-10-06 18:18:10.945  INFO 18260 --- [           main] .d.s.w.r.o.CachingOperationNameGenerator : Generating unique operation named: createUsingPOST_12
2017-10-06 18:18:10.945  INFO 18260 --- [           main] .d.s.w.r.o.CachingOperationNameGenerator : Generating unique operation named: deleteUsingDELETE_12
2017-10-06 18:18:10.945  INFO 18260 --- [           main] .d.s.w.r.o.CachingOperationNameGenerator : Generating unique operation named: findAllUsingPOST_12
2017-10-06 18:18:10.961  INFO 18260 --- [           main] .d.s.w.r.o.CachingOperationNameGenerator : Generating unique operation named: findByIdUsingGET_12
2017-10-06 18:18:10.961  INFO 18260 --- [           main] .d.s.w.r.o.CachingOperationNameGenerator : Generating unique operation named: updateUsingPUT_12
2017-10-06 18:18:10.961  INFO 18260 --- [           main] .d.s.w.r.o.CachingOperationNameGenerator : Generating unique operation named: completeUsingPOST_13
2017-10-06 18:18:10.961  INFO 18260 --- [           main] .d.s.w.r.o.CachingOperationNameGenerator : Generating unique operation named: createUsingPOST_13
2017-10-06 18:18:10.961  INFO 18260 --- [           main] .d.s.w.r.o.CachingOperationNameGenerator : Generating unique operation named: deleteUsingDELETE_13
2017-10-06 18:18:10.976  INFO 18260 --- [           main] .d.s.w.r.o.CachingOperationNameGenerator : Generating unique operation named: findAllUsingPOST_13
2017-10-06 18:18:10.976  INFO 18260 --- [           main] .d.s.w.r.o.CachingOperationNameGenerator : Generating unique operation named: findByIdUsingGET_13
2017-10-06 18:18:10.976  INFO 18260 --- [           main] .d.s.w.r.o.CachingOperationNameGenerator : Generating unique operation named: updateUsingPUT_13
2017-10-06 18:18:10.992  INFO 18260 --- [           main] .d.s.w.r.o.CachingOperationNameGenerator : Generating unique operation named: completeUsingPOST_14
2017-10-06 18:18:10.992  INFO 18260 --- [           main] .d.s.w.r.o.CachingOperationNameGenerator : Generating unique operation named: createUsingPOST_14
2017-10-06 18:18:10.992  INFO 18260 --- [           main] .d.s.w.r.o.CachingOperationNameGenerator : Generating unique operation named: deleteUsingDELETE_14
2017-10-06 18:18:10.992  INFO 18260 --- [           main] .d.s.w.r.o.CachingOperationNameGenerator : Generating unique operation named: findAllUsingPOST_14
2017-10-06 18:18:10.992  INFO 18260 --- [           main] .d.s.w.r.o.CachingOperationNameGenerator : Generating unique operation named: findByIdUsingGET_14
2017-10-06 18:18:11.008  INFO 18260 --- [           main] .d.s.w.r.o.CachingOperationNameGenerator : Generating unique operation named: updateUsingPUT_14
2017-10-06 18:18:11.008  INFO 18260 --- [           main] .d.s.w.r.o.CachingOperationNameGenerator : Generating unique operation named: completeUsingPOST_15
2017-10-06 18:18:11.008  INFO 18260 --- [           main] .d.s.w.r.o.CachingOperationNameGenerator : Generating unique operation named: createUsingPOST_15
2017-10-06 18:18:11.008  INFO 18260 --- [           main] .d.s.w.r.o.CachingOperationNameGenerator : Generating unique operation named: deleteUsingDELETE_15
2017-10-06 18:18:11.023  INFO 18260 --- [           main] .d.s.w.r.o.CachingOperationNameGenerator : Generating unique operation named: findAllUsingPOST_15
2017-10-06 18:18:11.023  INFO 18260 --- [           main] .d.s.w.r.o.CachingOperationNameGenerator : Generating unique operation named: findByIdUsingGET_15
2017-10-06 18:18:11.023  INFO 18260 --- [           main] .d.s.w.r.o.CachingOperationNameGenerator : Generating unique operation named: updateUsingPUT_15
2017-10-06 18:18:11.023  INFO 18260 --- [           main] .d.s.w.r.o.CachingOperationNameGenerator : Generating unique operation named: completeUsingPOST_16
2017-10-06 18:18:11.039  INFO 18260 --- [           main] .d.s.w.r.o.CachingOperationNameGenerator : Generating unique operation named: createUsingPOST_16
2017-10-06 18:18:11.039  INFO 18260 --- [           main] .d.s.w.r.o.CachingOperationNameGenerator : Generating unique operation named: deleteUsingDELETE_16
2017-10-06 18:18:11.039  INFO 18260 --- [           main] .d.s.w.r.o.CachingOperationNameGenerator : Generating unique operation named: findAllUsingPOST_16
2017-10-06 18:18:11.039  INFO 18260 --- [           main] .d.s.w.r.o.CachingOperationNameGenerator : Generating unique operation named: findByIdUsingGET_16
2017-10-06 18:18:11.039  INFO 18260 --- [           main] .d.s.w.r.o.CachingOperationNameGenerator : Generating unique operation named: updateUsingPUT_16
2017-10-06 18:18:11.057  INFO 18260 --- [           main] .d.s.w.r.o.CachingOperationNameGenerator : Generating unique operation named: completeUsingPOST_17
2017-10-06 18:18:11.062  INFO 18260 --- [           main] .d.s.w.r.o.CachingOperationNameGenerator : Generating unique operation named: createUsingPOST_17
2017-10-06 18:18:11.065  INFO 18260 --- [           main] .d.s.w.r.o.CachingOperationNameGenerator : Generating unique operation named: deleteUsingDELETE_17
2017-10-06 18:18:11.070  INFO 18260 --- [           main] .d.s.w.r.o.CachingOperationNameGenerator : Generating unique operation named: findAllUsingPOST_17
2017-10-06 18:18:11.073  INFO 18260 --- [           main] .d.s.w.r.o.CachingOperationNameGenerator : Generating unique operation named: findByIdUsingGET_17
2017-10-06 18:18:11.077  INFO 18260 --- [           main] .d.s.w.r.o.CachingOperationNameGenerator : Generating unique operation named: updateUsingPUT_17
2017-10-06 18:18:11.085  INFO 18260 --- [           main] .d.s.w.r.o.CachingOperationNameGenerator : Generating unique operation named: completeUsingPOST_18
2017-10-06 18:18:11.092  INFO 18260 --- [           main] .d.s.w.r.o.CachingOperationNameGenerator : Generating unique operation named: createUsingPOST_18
2017-10-06 18:18:11.095  INFO 18260 --- [           main] .d.s.w.r.o.CachingOperationNameGenerator : Generating unique operation named: deleteUsingDELETE_18
2017-10-06 18:18:11.099  INFO 18260 --- [           main] .d.s.w.r.o.CachingOperationNameGenerator : Generating unique operation named: findAllUsingPOST_18
2017-10-06 18:18:11.102  INFO 18260 --- [           main] .d.s.w.r.o.CachingOperationNameGenerator : Generating unique operation named: findByIdUsingGET_18
2017-10-06 18:18:11.105  INFO 18260 --- [           main] .d.s.w.r.o.CachingOperationNameGenerator : Generating unique operation named: updateUsingPUT_18
2017-10-06 18:18:11.108  INFO 18260 --- [           main] .d.s.w.r.o.CachingOperationNameGenerator : Generating unique operation named: completeUsingPOST_19
2017-10-06 18:18:11.111  INFO 18260 --- [           main] .d.s.w.r.o.CachingOperationNameGenerator : Generating unique operation named: createUsingPOST_19
2017-10-06 18:18:11.114  INFO 18260 --- [           main] .d.s.w.r.o.CachingOperationNameGenerator : Generating unique operation named: deleteUsingDELETE_19
2017-10-06 18:18:11.120  INFO 18260 --- [           main] .d.s.w.r.o.CachingOperationNameGenerator : Generating unique operation named: findAllUsingPOST_19
2017-10-06 18:18:11.122  INFO 18260 --- [           main] .d.s.w.r.o.CachingOperationNameGenerator : Generating unique operation named: findByIdUsingGET_19
2017-10-06 18:18:11.125  INFO 18260 --- [           main] .d.s.w.r.o.CachingOperationNameGenerator : Generating unique operation named: updateUsingPUT_19
2017-10-06 18:18:11.129  INFO 18260 --- [           main] .d.s.w.r.o.CachingOperationNameGenerator : Generating unique operation named: completeUsingPOST_20
2017-10-06 18:18:11.132  INFO 18260 --- [           main] .d.s.w.r.o.CachingOperationNameGenerator : Generating unique operation named: createUsingPOST_20
2017-10-06 18:18:11.134  INFO 18260 --- [           main] .d.s.w.r.o.CachingOperationNameGenerator : Generating unique operation named: deleteUsingDELETE_20
2017-10-06 18:18:11.138  INFO 18260 --- [           main] .d.s.w.r.o.CachingOperationNameGenerator : Generating unique operation named: findAllUsingPOST_20
2017-10-06 18:18:11.141  INFO 18260 --- [           main] .d.s.w.r.o.CachingOperationNameGenerator : Generating unique operation named: findByIdUsingGET_20
2017-10-06 18:18:11.142  INFO 18260 --- [           main] .d.s.w.r.o.CachingOperationNameGenerator : Generating unique operation named: updateUsingPUT_20
2017-10-06 18:18:11.142  INFO 18260 --- [           main] .d.s.w.r.o.CachingOperationNameGenerator : Generating unique operation named: completeUsingPOST_21
2017-10-06 18:18:11.142  INFO 18260 --- [           main] .d.s.w.r.o.CachingOperationNameGenerator : Generating unique operation named: createUsingPOST_21
2017-10-06 18:18:11.158  INFO 18260 --- [           main] .d.s.w.r.o.CachingOperationNameGenerator : Generating unique operation named: deleteUsingDELETE_21
2017-10-06 18:18:11.158  INFO 18260 --- [           main] .d.s.w.r.o.CachingOperationNameGenerator : Generating unique operation named: findAllUsingPOST_21
2017-10-06 18:18:11.158  INFO 18260 --- [           main] .d.s.w.r.o.CachingOperationNameGenerator : Generating unique operation named: findByIdUsingGET_21
2017-10-06 18:18:11.158  INFO 18260 --- [           main] .d.s.w.r.o.CachingOperationNameGenerator : Generating unique operation named: updateUsingPUT_21
2017-10-06 18:18:11.251  INFO 18260 --- [           main] s.b.c.e.t.TomcatEmbeddedServletContainer : Tomcat started on port(s): 8585 (http)
2017-10-06 18:18:11.251  INFO 18260 --- [           main] com.mycompany.myapp.Application          : Started Application in 7.943 seconds (JVM running for 10.343)
2017-10-06 19:07:15.942  INFO 18260 --- [nio-8585-exec-4] o.a.c.c.C.[Tomcat].[localhost].[/]       : Initializing Spring FrameworkServlet 'dispatcherServlet'
2017-10-06 19:07:15.942  INFO 18260 --- [nio-8585-exec-4] o.s.web.servlet.DispatcherServlet        : FrameworkServlet 'dispatcherServlet': initialization started
2017-10-06 19:07:15.958  INFO 18260 --- [nio-8585-exec-4] o.s.web.servlet.DispatcherServlet        : FrameworkServlet 'dispatcherServlet': initialization completed in 16 ms
2017-10-06 19:07:18.875  INFO 18260 --- [nio-8585-exec-3] o.h.h.i.QueryTranslatorFactoryInitiator  : HHH000397: Using ASTQueryTranslatorFactory
Hibernate: select user0_.ID as ID1_4_, user0_.CIVILITY as CIVILITY2_4_, user0_.COUNTRY_CODE as COUNTRY_3_4_, user0_.CREATION_AUTHOR as CREATION4_4_, user0_.CREATION_DATE as CREATION5_4_, user0_.EMAIL as EMAIL6_4_, user0_.FIRST_NAME as FIRST_NA7_4_, user0_.IS_ENABLED as IS_ENABL8_4_, user0_.LAST_MODIFICATION_AUTHOR as LAST_MOD9_4_, user0_.LAST_MODIFICATION_DATE as LAST_MO10_4_, user0_.LAST_NAME as LAST_NA11_4_, user0_.LOGIN as LOGIN12_4_, user0_."PASSWORD" as PASSWOR13_4_, user0_.VERSION as VERSION14_4_ from "USER" user0_ where user0_.LOGIN=?
Hibernate: select passport0_.ID as ID1_19_1_, passport0_.EXPIRATION_DATE as EXPIRATI2_19_1_, passport0_.HOLDER_ID as HOLDER_I4_19_1_, passport0_.PASSPORT_NUMBER as PASSPORT3_19_1_, user1_.ID as ID1_4_0_, user1_.CIVILITY as CIVILITY2_4_0_, user1_.COUNTRY_CODE as COUNTRY_3_4_0_, user1_.CREATION_AUTHOR as CREATION4_4_0_, user1_.CREATION_DATE as CREATION5_4_0_, user1_.EMAIL as EMAIL6_4_0_, user1_.FIRST_NAME as FIRST_NA7_4_0_, user1_.IS_ENABLED as IS_ENABL8_4_0_, user1_.LAST_MODIFICATION_AUTHOR as LAST_MOD9_4_0_, user1_.LAST_MODIFICATION_DATE as LAST_MO10_4_0_, user1_.LAST_NAME as LAST_NA11_4_0_, user1_.LOGIN as LOGIN12_4_0_, user1_."PASSWORD" as PASSWOR13_4_0_, user1_.VERSION as VERSION14_4_0_ from PASSPORT passport0_ inner join "USER" user1_ on passport0_.HOLDER_ID=user1_.ID where passport0_.HOLDER_ID=?
Hibernate: select roles0_.USER_ID as USER_ID1_22_0_, roles0_.ROLE_ID as ROLE_ID2_22_0_, role1_.ID as ID1_3_1_, role1_.ROLE_NAME as ROLE_NAM2_3_1_ from USER_ROLE roles0_ inner join "ROLE" role1_ on roles0_.ROLE_ID=role1_.ID where roles0_.USER_ID=?
Hibernate: select count(book0_.ID) as col_0_0_ from BOOK book0_ where ?=1
Hibernate: select book0_.ID as ID1_6_, book0_.AUTHOR_ID as AUTHOR_11_6_, book0_.BEST_SELLER as BEST_SEL2_6_, book0_.CO_AUTHOR_ID as CO_AUTH12_6_, book0_.EXTRACT_BINARY as EXTRACT_3_6_, book0_.EXTRACT_CONTENT_TYPE as EXTRACT_4_6_, book0_.EXTRACT_FILE_NAME as EXTRACT_5_6_, book0_.EXTRACT_SIZE as EXTRACT_6_6_, book0_.PRICE as PRICE7_6_, book0_.PUBLICATION_DATE as PUBLICAT8_6_, book0_.SUMMARY as SUMMARY9_6_, book0_.TITLE as TITLE10_6_ from BOOK book0_ where ?=1 limit ?
Hibernate: select author0_.ID as ID1_5_0_, author0_.BIRTH_DATE as BIRTH_DA2_5_0_, author0_.BIRTH_DATE_TIME as BIRTH_DA3_5_0_, author0_.CIVILITY as CIVILITY4_5_0_, author0_.EMAIL as EMAIL5_5_0_, author0_.FAVORITE_AUTHOR_ID as FAVORITE8_5_0_, author0_.FIRST_NAME as FIRST_NA6_5_0_, author0_.LAST_NAME as LAST_NAM7_5_0_, author1_.ID as ID1_5_1_, author1_.BIRTH_DATE as BIRTH_DA2_5_1_, author1_.BIRTH_DATE_TIME as BIRTH_DA3_5_1_, author1_.CIVILITY as CIVILITY4_5_1_, author1_.EMAIL as EMAIL5_5_1_, author1_.FAVORITE_AUTHOR_ID as FAVORITE8_5_1_, author1_.FIRST_NAME as FIRST_NA6_5_1_, author1_.LAST_NAME as LAST_NAM7_5_1_ from AUTHOR author0_ left outer join AUTHOR author1_ on author0_.FAVORITE_AUTHOR_ID=author1_.ID where author0_.ID=?
Hibernate: select author0_.ID as ID1_5_0_, author0_.BIRTH_DATE as BIRTH_DA2_5_0_, author0_.BIRTH_DATE_TIME as BIRTH_DA3_5_0_, author0_.CIVILITY as CIVILITY4_5_0_, author0_.EMAIL as EMAIL5_5_0_, author0_.FAVORITE_AUTHOR_ID as FAVORITE8_5_0_, author0_.FIRST_NAME as FIRST_NA6_5_0_, author0_.LAST_NAME as LAST_NAM7_5_0_, author1_.ID as ID1_5_1_, author1_.BIRTH_DATE as BIRTH_DA2_5_1_, author1_.BIRTH_DATE_TIME as BIRTH_DA3_5_1_, author1_.CIVILITY as CIVILITY4_5_1_, author1_.EMAIL as EMAIL5_5_1_, author1_.FAVORITE_AUTHOR_ID as FAVORITE8_5_1_, author1_.FIRST_NAME as FIRST_NA6_5_1_, author1_.LAST_NAME as LAST_NAM7_5_1_ from AUTHOR author0_ left outer join AUTHOR author1_ on author0_.FAVORITE_AUTHOR_ID=author1_.ID where author0_.ID=?
Hibernate: select book0_.ID as ID1_6_0_, book0_.AUTHOR_ID as AUTHOR_11_6_0_, book0_.BEST_SELLER as BEST_SEL2_6_0_, book0_.CO_AUTHOR_ID as CO_AUTH12_6_0_, book0_.EXTRACT_BINARY as EXTRACT_3_6_0_, book0_.EXTRACT_CONTENT_TYPE as EXTRACT_4_6_0_, book0_.EXTRACT_FILE_NAME as EXTRACT_5_6_0_, book0_.EXTRACT_SIZE as EXTRACT_6_6_0_, book0_.PRICE as PRICE7_6_0_, book0_.PUBLICATION_DATE as PUBLICAT8_6_0_, book0_.SUMMARY as SUMMARY9_6_0_, book0_.TITLE as TITLE10_6_0_, author1_.ID as ID1_5_1_, author1_.BIRTH_DATE as BIRTH_DA2_5_1_, author1_.BIRTH_DATE_TIME as BIRTH_DA3_5_1_, author1_.CIVILITY as CIVILITY4_5_1_, author1_.EMAIL as EMAIL5_5_1_, author1_.FAVORITE_AUTHOR_ID as FAVORITE8_5_1_, author1_.FIRST_NAME as FIRST_NA6_5_1_, author1_.LAST_NAME as LAST_NAM7_5_1_, author2_.ID as ID1_5_2_, author2_.BIRTH_DATE as BIRTH_DA2_5_2_, author2_.BIRTH_DATE_TIME as BIRTH_DA3_5_2_, author2_.CIVILITY as CIVILITY4_5_2_, author2_.EMAIL as EMAIL5_5_2_, author2_.FAVORITE_AUTHOR_ID as FAVORITE8_5_2_, author2_.FIRST_NAME as FIRST_NA6_5_2_, author2_.LAST_NAME as LAST_NAM7_5_2_, author3_.ID as ID1_5_3_, author3_.BIRTH_DATE as BIRTH_DA2_5_3_, author3_.BIRTH_DATE_TIME as BIRTH_DA3_5_3_, author3_.CIVILITY as CIVILITY4_5_3_, author3_.EMAIL as EMAIL5_5_3_, author3_.FAVORITE_AUTHOR_ID as FAVORITE8_5_3_, author3_.FIRST_NAME as FIRST_NA6_5_3_, author3_.LAST_NAME as LAST_NAM7_5_3_ from BOOK book0_ inner join AUTHOR author1_ on book0_.AUTHOR_ID=author1_.ID left outer join AUTHOR author2_ on author1_.FAVORITE_AUTHOR_ID=author2_.ID left outer join AUTHOR author3_ on book0_.CO_AUTHOR_ID=author3_.ID where book0_.ID=?
2017-10-06 19:12:50.905  INFO 18260 --- [       Thread-5] ationConfigEmbeddedWebApplicationContext : Closing org.springframework.boot.context.embedded.AnnotationConfigEmbeddedWebApplicationContext@1964d532: startup date [Fri Oct 06 18:18:03 CEST 2017]; root of context hierarchy
2017-10-06 19:12:50.905  INFO 18260 --- [       Thread-5] o.s.c.support.DefaultLifecycleProcessor  : Stopping beans in phase 2147483647
2017-10-06 19:12:50.905  INFO 18260 --- [       Thread-5] o.s.j.e.a.AnnotationMBeanExporter        : Unregistering JMX-exposed beans on shutdown
2017-10-06 19:12:50.920  INFO 18260 --- [       Thread-5] j.LocalContainerEntityManagerFactoryBean : Closing JPA EntityManagerFactory for persistence unit 'default'
[INFO] ------------------------------------------------------------------------
[INFO] BUILD SUCCESS
[INFO] ------------------------------------------------------------------------
[INFO] Total time: 54:49 min
Batchvorgang abbrechen (J/N)? 